Namespace(dataset='cifar10', root='../dataset/', arch='resnet32', num_classes=10, imbanlance_rate=0.01, lr=0.01, epochs=200, batch_size=64, momentum=0.9, weight_decay=0.005, resample_weighting=0.0, label_weighting=1.2, contrast_weight=4, beta=0.5, loss='ce', eps=0.05, seed=3407, print_freq=1000, gpu=0, workers=4, resume=None, start_epoch=0, root_log='./output/', root_model='./output/', store_name='cifar10_resnet32/0.01/name_2023-11-13', debug=10, knn=False)
creating folder ./output/cifar10_resnet32/0.01/name_2023-11-13
Use GPU: 0 for training
=> creating model 'resnet32'
  + Number of params: 7.44M
Files already downloaded and verified
imbanlance_ration is 100.0
per class num: [5000, 2997, 1796, 1077, 645, 387, 232, 139, 83, 50]
Files already downloaded and verified
load cifar10
Training started!
Epoch: [1/200][0/194], Time 10.180 (10.180), Loss 3.1866 (3.1866)
11/13 07:11 EPOCH: 1 Train: Time 0.387 (0.098), Loss 0.9726 (1.4243)
Saved cosine similarity heatmap to: /scratch/hy2611/GLMC/plot/cosine_similarity_heatmap_epoch_0.png
Saved Wi and Hi cosine similarity plot to: /scratch/hy2611/GLMC/plot/Wi_Hi_cosine_similarity_epoch_0.png
11/13 07:11 Loss:8.766, Acc:0.62, NC1:31697.910,
Wnorm:[1.084,1.223,0.984,1.212,1.165,1.168,1.338,1.283,1.344,1.210]
Hnorm:[6.874,5.480,2.674,2.873,3.625,3.061,3.425,2.365,4.450,3.524]
Wcos:[0.037,0.059,0.048,0.010,0.010,0.017,0.036,-0.014,0.003,-0.009]
Test: [0/157], Time 0.301 (0.301), Prec@1 76.562 (76.562), Prec@5 98.438 (98.438)
11/13 07:11 EPOCH: 1 Val: Prec@1 27.330 Prec@5 75.700
11/13 07:11 many acc 34.16, med acc 0.00, few acc 0.00
Best Prec@1: 27.330

Epoch: [2/200][0/194], Time 0.150 (0.150), Loss 1.0764 (1.0764)
11/13 07:11 EPOCH: 2 Train: Time 0.041 (0.044), Loss 0.6395 (1.0398)
Test: [0/157], Time 0.114 (0.114), Prec@1 90.625 (90.625), Prec@5 100.000 (100.000)
11/13 07:11 EPOCH: 2 Val: Prec@1 26.150 Prec@5 82.070
11/13 07:11 many acc 32.69, med acc 0.00, few acc 0.00
Best Prec@1: 27.330

Epoch: [3/200][0/194], Time 0.154 (0.154), Loss 0.9035 (0.9035)
11/13 07:12 EPOCH: 3 Train: Time 0.041 (0.044), Loss 0.9192 (0.9407)
Test: [0/157], Time 0.117 (0.117), Prec@1 87.500 (87.500), Prec@5 100.000 (100.000)
11/13 07:12 EPOCH: 3 Val: Prec@1 32.350 Prec@5 84.730
11/13 07:12 many acc 40.44, med acc 0.00, few acc 0.00
Best Prec@1: 32.350

Epoch: [4/200][0/194], Time 0.140 (0.140), Loss 0.8768 (0.8768)
11/13 07:12 EPOCH: 4 Train: Time 0.041 (0.044), Loss 0.7801 (0.8595)
Test: [0/157], Time 0.122 (0.122), Prec@1 89.062 (89.062), Prec@5 100.000 (100.000)
11/13 07:12 EPOCH: 4 Val: Prec@1 32.130 Prec@5 79.500
11/13 07:12 many acc 40.16, med acc 0.00, few acc 0.00
Best Prec@1: 32.350

Epoch: [5/200][0/194], Time 0.147 (0.147), Loss 0.7344 (0.7344)
11/13 07:12 EPOCH: 5 Train: Time 0.041 (0.044), Loss 0.6145 (0.7823)
Test: [0/157], Time 0.120 (0.120), Prec@1 85.938 (85.938), Prec@5 96.875 (96.875)
11/13 07:12 EPOCH: 5 Val: Prec@1 34.050 Prec@5 88.180
11/13 07:12 many acc 42.55, med acc 0.05, few acc 0.00
Best Prec@1: 34.050

Epoch: [6/200][0/194], Time 0.138 (0.138), Loss 0.5019 (0.5019)
11/13 07:12 EPOCH: 6 Train: Time 0.041 (0.044), Loss 0.7928 (0.7446)
Test: [0/157], Time 0.111 (0.111), Prec@1 92.188 (92.188), Prec@5 100.000 (100.000)
11/13 07:12 EPOCH: 6 Val: Prec@1 36.140 Prec@5 87.770
11/13 07:12 many acc 45.18, med acc 0.00, few acc 0.00
Best Prec@1: 36.140

Epoch: [7/200][0/194], Time 0.171 (0.171), Loss 0.7356 (0.7356)
11/13 07:12 EPOCH: 7 Train: Time 0.041 (0.044), Loss 0.3394 (0.6660)
Test: [0/157], Time 0.111 (0.111), Prec@1 90.625 (90.625), Prec@5 98.438 (98.438)
11/13 07:13 EPOCH: 7 Val: Prec@1 37.670 Prec@5 89.290
11/13 07:13 many acc 47.09, med acc 0.00, few acc 0.00
Best Prec@1: 37.670

Epoch: [8/200][0/194], Time 0.133 (0.133), Loss 0.7208 (0.7208)
11/13 07:13 EPOCH: 8 Train: Time 0.041 (0.045), Loss 0.6242 (0.6119)
Test: [0/157], Time 0.111 (0.111), Prec@1 92.188 (92.188), Prec@5 98.438 (98.438)
11/13 07:13 EPOCH: 8 Val: Prec@1 43.880 Prec@5 88.280
11/13 07:13 many acc 52.66, med acc 8.75, few acc 0.00
Best Prec@1: 43.880

Epoch: [9/200][0/194], Time 0.143 (0.143), Loss 0.4905 (0.4905)
11/13 07:13 EPOCH: 9 Train: Time 0.041 (0.044), Loss 0.8334 (0.5808)
Test: [0/157], Time 0.115 (0.115), Prec@1 98.438 (98.438), Prec@5 100.000 (100.000)
11/13 07:13 EPOCH: 9 Val: Prec@1 40.440 Prec@5 91.160
11/13 07:13 many acc 50.52, med acc 0.10, few acc 0.00
Best Prec@1: 43.880

Epoch: [10/200][0/194], Time 0.137 (0.137), Loss 0.5514 (0.5514)
11/13 07:13 EPOCH: 10 Train: Time 0.041 (0.044), Loss 0.6252 (0.5508)
Test: [0/157], Time 0.118 (0.118), Prec@1 95.312 (95.312), Prec@5 100.000 (100.000)
11/13 07:13 EPOCH: 10 Val: Prec@1 39.560 Prec@5 88.310
11/13 07:13 many acc 47.74, med acc 6.85, few acc 0.00
Best Prec@1: 43.880

Epoch: [11/200][0/194], Time 0.140 (0.140), Loss 0.4551 (0.4551)
11/13 07:13 EPOCH: 11 Train: Time 0.041 (0.045), Loss 0.3880 (0.5212)
Saved cosine similarity heatmap to: /scratch/hy2611/GLMC/plot/cosine_similarity_heatmap_epoch_10.png
Saved Wi and Hi cosine similarity plot to: /scratch/hy2611/GLMC/plot/Wi_Hi_cosine_similarity_epoch_10.png
11/13 07:14 Loss:4.598, Acc:0.80, NC1:21.723,
Wnorm:[1.062,1.175,0.929,0.871,0.909,0.838,0.895,0.821,0.924,0.820]
Hnorm:[5.586,9.242,3.700,3.890,4.160,4.719,6.255,4.024,5.562,5.124]
Wcos:[-0.113,-0.097,-0.085,-0.059,-0.086,-0.064,-0.051,-0.063,-0.085,-0.082]
Test: [0/157], Time 0.124 (0.124), Prec@1 85.938 (85.938), Prec@5 93.750 (93.750)
11/13 07:14 EPOCH: 11 Val: Prec@1 48.920 Prec@5 93.440
11/13 07:14 many acc 59.40, med acc 7.00, few acc 0.00
Best Prec@1: 48.920

Epoch: [12/200][0/194], Time 0.149 (0.149), Loss 0.4807 (0.4807)
11/13 07:14 EPOCH: 12 Train: Time 0.041 (0.044), Loss 0.4501 (0.4951)
Test: [0/157], Time 0.120 (0.120), Prec@1 85.938 (85.938), Prec@5 100.000 (100.000)
11/13 07:14 EPOCH: 12 Val: Prec@1 45.140 Prec@5 88.810
11/13 07:14 many acc 56.06, med acc 1.45, few acc 0.00
Best Prec@1: 48.920

Epoch: [13/200][0/194], Time 0.129 (0.129), Loss 0.5310 (0.5310)
11/13 07:14 EPOCH: 13 Train: Time 0.041 (0.044), Loss 0.3800 (0.4875)
Test: [0/157], Time 0.105 (0.105), Prec@1 89.062 (89.062), Prec@5 100.000 (100.000)
11/13 07:14 EPOCH: 13 Val: Prec@1 53.290 Prec@5 95.060
11/13 07:14 many acc 61.79, med acc 19.30, few acc 0.00
Best Prec@1: 53.290

Epoch: [14/200][0/194], Time 0.113 (0.113), Loss 0.4305 (0.4305)
11/13 07:14 EPOCH: 14 Train: Time 0.041 (0.044), Loss 0.5067 (0.4612)
Test: [0/157], Time 0.116 (0.116), Prec@1 89.062 (89.062), Prec@5 98.438 (98.438)
11/13 07:14 EPOCH: 14 Val: Prec@1 51.330 Prec@5 93.300
11/13 07:14 many acc 58.42, med acc 22.95, few acc 0.00
Best Prec@1: 53.290

Epoch: [15/200][0/194], Time 0.140 (0.140), Loss 0.4434 (0.4434)
11/13 07:14 EPOCH: 15 Train: Time 0.041 (0.045), Loss 0.4036 (0.4582)
Test: [0/157], Time 0.120 (0.120), Prec@1 98.438 (98.438), Prec@5 100.000 (100.000)
11/13 07:14 EPOCH: 15 Val: Prec@1 44.650 Prec@5 92.940
11/13 07:14 many acc 54.75, med acc 4.25, few acc 0.00
Best Prec@1: 53.290

Epoch: [16/200][0/194], Time 0.145 (0.145), Loss 0.3759 (0.3759)
11/13 07:15 EPOCH: 16 Train: Time 0.041 (0.045), Loss 0.5674 (0.4427)
Test: [0/157], Time 0.119 (0.119), Prec@1 93.750 (93.750), Prec@5 96.875 (96.875)
11/13 07:15 EPOCH: 16 Val: Prec@1 51.310 Prec@5 94.190
11/13 07:15 many acc 62.05, med acc 8.35, few acc 0.00
Best Prec@1: 53.290

Epoch: [17/200][0/194], Time 0.143 (0.143), Loss 0.5443 (0.5443)
11/13 07:15 EPOCH: 17 Train: Time 0.041 (0.045), Loss 0.4165 (0.4245)
Test: [0/157], Time 0.107 (0.107), Prec@1 85.938 (85.938), Prec@5 100.000 (100.000)
11/13 07:15 EPOCH: 17 Val: Prec@1 54.150 Prec@5 90.780
11/13 07:15 many acc 66.41, med acc 5.10, few acc 0.00
Best Prec@1: 54.150

Epoch: [18/200][0/194], Time 0.149 (0.149), Loss 0.2066 (0.2066)
11/13 07:15 EPOCH: 18 Train: Time 0.041 (0.044), Loss 0.7760 (0.4114)
Test: [0/157], Time 0.118 (0.118), Prec@1 96.875 (96.875), Prec@5 100.000 (100.000)
11/13 07:15 EPOCH: 18 Val: Prec@1 46.910 Prec@5 93.060
11/13 07:15 many acc 55.00, med acc 14.55, few acc 0.00
Best Prec@1: 54.150

Epoch: [19/200][0/194], Time 0.132 (0.132), Loss 0.2699 (0.2699)
11/13 07:15 EPOCH: 19 Train: Time 0.041 (0.044), Loss 0.5440 (0.4256)
Test: [0/157], Time 0.106 (0.106), Prec@1 81.250 (81.250), Prec@5 98.438 (98.438)
11/13 07:15 EPOCH: 19 Val: Prec@1 41.540 Prec@5 89.750
11/13 07:15 many acc 49.60, med acc 9.30, few acc 0.00
Best Prec@1: 54.150

Epoch: [20/200][0/194], Time 0.134 (0.134), Loss 0.3776 (0.3776)
11/13 07:15 EPOCH: 20 Train: Time 0.041 (0.044), Loss 0.6393 (0.4075)
Test: [0/157], Time 0.121 (0.121), Prec@1 98.438 (98.438), Prec@5 100.000 (100.000)
11/13 07:15 EPOCH: 20 Val: Prec@1 43.850 Prec@5 92.640
11/13 07:15 many acc 49.71, med acc 20.40, few acc 0.00
Best Prec@1: 54.150

Epoch: [21/200][0/194], Time 0.158 (0.158), Loss 0.3643 (0.3643)
11/13 07:16 EPOCH: 21 Train: Time 0.041 (0.044), Loss 0.2840 (0.3971)
Saved cosine similarity heatmap to: /scratch/hy2611/GLMC/plot/cosine_similarity_heatmap_epoch_20.png
Saved Wi and Hi cosine similarity plot to: /scratch/hy2611/GLMC/plot/Wi_Hi_cosine_similarity_epoch_20.png
11/13 07:16 Loss:7.763, Acc:0.70, NC1:12.393,
Wnorm:[1.493,1.515,1.245,1.024,1.090,0.974,0.977,0.903,0.972,0.865]
Hnorm:[3.953,5.360,2.711,4.042,4.497,3.477,3.915,2.456,5.352,2.931]
Wcos:[-0.159,-0.135,-0.131,-0.089,-0.100,-0.070,-0.081,-0.070,-0.106,-0.087]
Test: [0/157], Time 0.121 (0.121), Prec@1 65.625 (65.625), Prec@5 90.625 (90.625)
11/13 07:16 EPOCH: 21 Val: Prec@1 43.220 Prec@5 83.870
11/13 07:16 many acc 50.69, med acc 13.35, few acc 0.00
Best Prec@1: 54.150

Epoch: [22/200][0/194], Time 0.139 (0.139), Loss 0.3518 (0.3518)
11/13 07:16 EPOCH: 22 Train: Time 0.041 (0.044), Loss 0.4534 (0.4012)
Test: [0/157], Time 0.106 (0.106), Prec@1 93.750 (93.750), Prec@5 100.000 (100.000)
11/13 07:16 EPOCH: 22 Val: Prec@1 57.460 Prec@5 94.820
11/13 07:16 many acc 62.76, med acc 36.25, few acc 0.00
Best Prec@1: 57.460

Epoch: [23/200][0/194], Time 0.133 (0.133), Loss 0.3135 (0.3135)
11/13 07:16 EPOCH: 23 Train: Time 0.041 (0.045), Loss 0.6336 (0.3952)
Test: [0/157], Time 0.113 (0.113), Prec@1 90.625 (90.625), Prec@5 95.312 (95.312)
11/13 07:16 EPOCH: 23 Val: Prec@1 56.200 Prec@5 93.350
11/13 07:16 many acc 65.40, med acc 19.40, few acc 0.00
Best Prec@1: 57.460

Epoch: [24/200][0/194], Time 0.125 (0.125), Loss 0.4183 (0.4183)
11/13 07:16 EPOCH: 24 Train: Time 0.041 (0.044), Loss 0.2664 (0.3792)
Test: [0/157], Time 0.117 (0.117), Prec@1 96.875 (96.875), Prec@5 100.000 (100.000)
11/13 07:17 EPOCH: 24 Val: Prec@1 56.920 Prec@5 94.050
11/13 07:17 many acc 62.94, med acc 32.85, few acc 0.00
Best Prec@1: 57.460

Epoch: [25/200][0/194], Time 0.153 (0.153), Loss 0.2923 (0.2923)
11/13 07:17 EPOCH: 25 Train: Time 0.041 (0.044), Loss 0.3150 (0.3723)
Test: [0/157], Time 0.113 (0.113), Prec@1 93.750 (93.750), Prec@5 100.000 (100.000)
11/13 07:17 EPOCH: 25 Val: Prec@1 56.630 Prec@5 94.250
11/13 07:17 many acc 65.81, med acc 19.90, few acc 0.00
Best Prec@1: 57.460

Epoch: [26/200][0/194], Time 0.171 (0.171), Loss 0.3814 (0.3814)
11/13 07:17 EPOCH: 26 Train: Time 0.041 (0.045), Loss 0.4441 (0.3826)
Test: [0/157], Time 0.121 (0.121), Prec@1 93.750 (93.750), Prec@5 100.000 (100.000)
11/13 07:17 EPOCH: 26 Val: Prec@1 56.060 Prec@5 95.610
11/13 07:17 many acc 65.94, med acc 16.55, few acc 0.00
Best Prec@1: 57.460

Epoch: [27/200][0/194], Time 0.139 (0.139), Loss 0.3519 (0.3519)
11/13 07:17 EPOCH: 27 Train: Time 0.041 (0.044), Loss 0.4347 (0.3660)
Test: [0/157], Time 0.111 (0.111), Prec@1 87.500 (87.500), Prec@5 98.438 (98.438)
11/13 07:17 EPOCH: 27 Val: Prec@1 59.280 Prec@5 94.810
11/13 07:17 many acc 66.45, med acc 30.60, few acc 0.00
Best Prec@1: 59.280

Epoch: [28/200][0/194], Time 0.143 (0.143), Loss 0.3070 (0.3070)
11/13 07:17 EPOCH: 28 Train: Time 0.041 (0.044), Loss 0.5265 (0.3696)
Test: [0/157], Time 0.120 (0.120), Prec@1 95.312 (95.312), Prec@5 100.000 (100.000)
11/13 07:17 EPOCH: 28 Val: Prec@1 56.860 Prec@5 92.020
11/13 07:17 many acc 69.10, med acc 7.90, few acc 0.00
Best Prec@1: 59.280

Epoch: [29/200][0/194], Time 0.141 (0.141), Loss 0.4149 (0.4149)
11/13 07:17 EPOCH: 29 Train: Time 0.041 (0.044), Loss 0.5153 (0.3524)
Test: [0/157], Time 0.121 (0.121), Prec@1 90.625 (90.625), Prec@5 98.438 (98.438)
11/13 07:18 EPOCH: 29 Val: Prec@1 67.780 Prec@5 96.570
11/13 07:18 many acc 68.81, med acc 63.65, few acc 0.00
Best Prec@1: 67.780

Epoch: [30/200][0/194], Time 0.127 (0.127), Loss 0.4446 (0.4446)
11/13 07:18 EPOCH: 30 Train: Time 0.041 (0.044), Loss 0.3855 (0.3750)
Test: [0/157], Time 0.122 (0.122), Prec@1 34.375 (34.375), Prec@5 78.125 (78.125)
11/13 07:18 EPOCH: 30 Val: Prec@1 41.220 Prec@5 80.210
11/13 07:18 many acc 48.26, med acc 13.05, few acc 0.00
Best Prec@1: 67.780

Epoch: [31/200][0/194], Time 0.161 (0.161), Loss 0.3967 (0.3967)
11/13 07:18 EPOCH: 31 Train: Time 0.041 (0.044), Loss 0.3345 (0.3582)
Saved cosine similarity heatmap to: /scratch/hy2611/GLMC/plot/cosine_similarity_heatmap_epoch_30.png
Saved Wi and Hi cosine similarity plot to: /scratch/hy2611/GLMC/plot/Wi_Hi_cosine_similarity_epoch_30.png
11/13 07:18 Loss:4.178, Acc:0.82, NC1:6.115,
Wnorm:[1.645,1.631,1.358,1.131,1.170,1.008,1.040,0.931,0.968,0.863]
Hnorm:[3.711,5.141,3.506,3.597,4.646,2.417,3.912,3.982,5.150,2.791]
Wcos:[-0.167,-0.142,-0.142,-0.096,-0.099,-0.068,-0.090,-0.061,-0.096,-0.075]
Test: [0/157], Time 0.123 (0.123), Prec@1 85.938 (85.938), Prec@5 96.875 (96.875)
11/13 07:18 EPOCH: 31 Val: Prec@1 49.300 Prec@5 90.630
11/13 07:18 many acc 59.65, med acc 7.90, few acc 0.00
Best Prec@1: 67.780

Epoch: [32/200][0/194], Time 0.157 (0.157), Loss 0.3048 (0.3048)
11/13 07:18 EPOCH: 32 Train: Time 0.041 (0.044), Loss 0.5317 (0.3649)
Test: [0/157], Time 0.106 (0.106), Prec@1 95.312 (95.312), Prec@5 100.000 (100.000)
11/13 07:18 EPOCH: 32 Val: Prec@1 57.140 Prec@5 94.560
11/13 07:18 many acc 67.88, med acc 14.20, few acc 0.00
Best Prec@1: 67.780

Epoch: [33/200][0/194], Time 0.144 (0.144), Loss 0.3101 (0.3101)
11/13 07:19 EPOCH: 33 Train: Time 0.041 (0.044), Loss 0.4193 (0.3394)
Test: [0/157], Time 0.121 (0.121), Prec@1 89.062 (89.062), Prec@5 100.000 (100.000)
11/13 07:19 EPOCH: 33 Val: Prec@1 50.690 Prec@5 89.600
11/13 07:19 many acc 55.19, med acc 32.70, few acc 0.00
Best Prec@1: 67.780

Epoch: [34/200][0/194], Time 0.146 (0.146), Loss 0.1481 (0.1481)
11/13 07:19 EPOCH: 34 Train: Time 0.041 (0.044), Loss 0.4659 (0.3459)
Test: [0/157], Time 0.120 (0.120), Prec@1 93.750 (93.750), Prec@5 100.000 (100.000)
11/13 07:19 EPOCH: 34 Val: Prec@1 62.850 Prec@5 96.660
11/13 07:19 many acc 66.65, med acc 47.65, few acc 0.00
Best Prec@1: 67.780

Epoch: [35/200][0/194], Time 0.139 (0.139), Loss 0.2335 (0.2335)
11/13 07:19 EPOCH: 35 Train: Time 0.041 (0.044), Loss 0.2731 (0.3390)
Test: [0/157], Time 0.106 (0.106), Prec@1 95.312 (95.312), Prec@5 100.000 (100.000)
11/13 07:19 EPOCH: 35 Val: Prec@1 50.650 Prec@5 95.300
11/13 07:19 many acc 60.39, med acc 11.70, few acc 0.00
Best Prec@1: 67.780

Epoch: [36/200][0/194], Time 0.147 (0.147), Loss 0.3817 (0.3817)
11/13 07:19 EPOCH: 36 Train: Time 0.041 (0.044), Loss 0.2397 (0.3473)
Test: [0/157], Time 0.114 (0.114), Prec@1 92.188 (92.188), Prec@5 100.000 (100.000)
11/13 07:19 EPOCH: 36 Val: Prec@1 59.050 Prec@5 94.430
11/13 07:19 many acc 60.11, med acc 54.80, few acc 0.00
Best Prec@1: 67.780

Epoch: [37/200][0/194], Time 0.162 (0.162), Loss 0.1860 (0.1860)
11/13 07:19 EPOCH: 37 Train: Time 0.041 (0.044), Loss 0.3882 (0.3335)
Test: [0/157], Time 0.107 (0.107), Prec@1 95.312 (95.312), Prec@5 100.000 (100.000)
11/13 07:19 EPOCH: 37 Val: Prec@1 54.910 Prec@5 90.870
11/13 07:19 many acc 61.76, med acc 27.50, few acc 0.00
Best Prec@1: 67.780

Epoch: [38/200][0/194], Time 0.139 (0.139), Loss 0.3245 (0.3245)
11/13 07:20 EPOCH: 38 Train: Time 0.041 (0.044), Loss 0.3674 (0.3395)
Test: [0/157], Time 0.106 (0.106), Prec@1 92.188 (92.188), Prec@5 98.438 (98.438)
11/13 07:20 EPOCH: 38 Val: Prec@1 56.070 Prec@5 92.990
11/13 07:20 many acc 65.47, med acc 18.45, few acc 0.00
Best Prec@1: 67.780

Epoch: [39/200][0/194], Time 0.145 (0.145), Loss 0.1897 (0.1897)
11/13 07:20 EPOCH: 39 Train: Time 0.041 (0.044), Loss 0.3123 (0.3278)
Test: [0/157], Time 0.120 (0.120), Prec@1 87.500 (87.500), Prec@5 96.875 (96.875)
11/13 07:20 EPOCH: 39 Val: Prec@1 49.170 Prec@5 91.980
11/13 07:20 many acc 57.77, med acc 14.75, few acc 0.00
Best Prec@1: 67.780

Epoch: [40/200][0/194], Time 0.138 (0.138), Loss 0.3916 (0.3916)
11/13 07:20 EPOCH: 40 Train: Time 0.041 (0.044), Loss 0.4005 (0.3223)
Test: [0/157], Time 0.104 (0.104), Prec@1 89.062 (89.062), Prec@5 100.000 (100.000)
11/13 07:20 EPOCH: 40 Val: Prec@1 52.800 Prec@5 93.220
11/13 07:20 many acc 56.49, med acc 38.05, few acc 0.00
Best Prec@1: 67.780

Epoch: [41/200][0/194], Time 0.148 (0.148), Loss 0.4375 (0.4375)
11/13 07:20 EPOCH: 41 Train: Time 0.041 (0.044), Loss 0.4393 (0.3247)
Saved cosine similarity heatmap to: /scratch/hy2611/GLMC/plot/cosine_similarity_heatmap_epoch_40.png
Saved Wi and Hi cosine similarity plot to: /scratch/hy2611/GLMC/plot/Wi_Hi_cosine_similarity_epoch_40.png
11/13 07:20 Loss:4.480, Acc:0.81, NC1:4.540,
Wnorm:[1.663,1.667,1.394,1.144,1.176,1.034,1.024,0.941,0.966,0.868]
Hnorm:[4.258,4.761,2.853,2.403,3.030,3.914,4.407,7.734,5.455,6.063]
Wcos:[-0.165,-0.146,-0.141,-0.095,-0.095,-0.075,-0.089,-0.065,-0.093,-0.075]
Test: [0/157], Time 0.117 (0.117), Prec@1 93.750 (93.750), Prec@5 100.000 (100.000)
11/13 07:20 EPOCH: 41 Val: Prec@1 55.430 Prec@5 92.750
11/13 07:20 many acc 63.00, med acc 25.15, few acc 0.00
Best Prec@1: 67.780

Epoch: [42/200][0/194], Time 0.140 (0.140), Loss 0.4590 (0.4590)
11/13 07:21 EPOCH: 42 Train: Time 0.041 (0.044), Loss 0.5201 (0.3175)
Test: [0/157], Time 0.119 (0.119), Prec@1 93.750 (93.750), Prec@5 100.000 (100.000)
11/13 07:21 EPOCH: 42 Val: Prec@1 54.140 Prec@5 93.170
11/13 07:21 many acc 63.00, med acc 18.70, few acc 0.00
Best Prec@1: 67.780

Epoch: [43/200][0/194], Time 0.148 (0.148), Loss 0.4601 (0.4601)
11/13 07:21 EPOCH: 43 Train: Time 0.041 (0.044), Loss 0.4675 (0.3273)
Test: [0/157], Time 0.120 (0.120), Prec@1 92.188 (92.188), Prec@5 100.000 (100.000)
11/13 07:21 EPOCH: 43 Val: Prec@1 53.530 Prec@5 93.130
11/13 07:21 many acc 64.17, med acc 10.95, few acc 0.00
Best Prec@1: 67.780

Epoch: [44/200][0/194], Time 0.153 (0.153), Loss 0.3202 (0.3202)
11/13 07:21 EPOCH: 44 Train: Time 0.041 (0.044), Loss 0.2572 (0.3100)
Test: [0/157], Time 0.115 (0.115), Prec@1 82.812 (82.812), Prec@5 98.438 (98.438)
11/13 07:21 EPOCH: 44 Val: Prec@1 57.040 Prec@5 92.910
11/13 07:21 many acc 62.08, med acc 36.90, few acc 0.00
Best Prec@1: 67.780

Epoch: [45/200][0/194], Time 0.148 (0.148), Loss 0.3973 (0.3973)
11/13 07:21 EPOCH: 45 Train: Time 0.041 (0.044), Loss 0.3888 (0.3123)
Test: [0/157], Time 0.118 (0.118), Prec@1 93.750 (93.750), Prec@5 98.438 (98.438)
11/13 07:21 EPOCH: 45 Val: Prec@1 64.500 Prec@5 96.090
11/13 07:21 many acc 69.10, med acc 46.10, few acc 0.00
Best Prec@1: 67.780

Epoch: [46/200][0/194], Time 0.140 (0.140), Loss 0.2653 (0.2653)
11/13 07:21 EPOCH: 46 Train: Time 0.041 (0.044), Loss 0.2470 (0.3065)
Test: [0/157], Time 0.113 (0.113), Prec@1 93.750 (93.750), Prec@5 100.000 (100.000)
11/13 07:21 EPOCH: 46 Val: Prec@1 65.770 Prec@5 95.330
11/13 07:21 many acc 72.06, med acc 40.60, few acc 0.00
Best Prec@1: 67.780

Epoch: [47/200][0/194], Time 0.133 (0.133), Loss 0.3483 (0.3483)
11/13 07:22 EPOCH: 47 Train: Time 0.041 (0.044), Loss 0.1296 (0.3037)
Test: [0/157], Time 0.121 (0.121), Prec@1 90.625 (90.625), Prec@5 100.000 (100.000)
11/13 07:22 EPOCH: 47 Val: Prec@1 61.370 Prec@5 93.040
11/13 07:22 many acc 67.49, med acc 36.90, few acc 0.00
Best Prec@1: 67.780

Epoch: [48/200][0/194], Time 0.134 (0.134), Loss 0.3284 (0.3284)
11/13 07:22 EPOCH: 48 Train: Time 0.041 (0.045), Loss 0.3411 (0.3195)
Test: [0/157], Time 0.121 (0.121), Prec@1 96.875 (96.875), Prec@5 100.000 (100.000)
11/13 07:22 EPOCH: 48 Val: Prec@1 66.240 Prec@5 96.080
11/13 07:22 many acc 70.66, med acc 48.55, few acc 0.00
Best Prec@1: 67.780

Epoch: [49/200][0/194], Time 0.145 (0.145), Loss 0.2433 (0.2433)
11/13 07:22 EPOCH: 49 Train: Time 0.041 (0.044), Loss 0.3262 (0.3053)
Test: [0/157], Time 0.118 (0.118), Prec@1 93.750 (93.750), Prec@5 100.000 (100.000)
11/13 07:22 EPOCH: 49 Val: Prec@1 60.810 Prec@5 94.510
11/13 07:22 many acc 70.49, med acc 22.10, few acc 0.00
Best Prec@1: 67.780

Epoch: [50/200][0/194], Time 0.146 (0.146), Loss 0.2121 (0.2121)
11/13 07:22 EPOCH: 50 Train: Time 0.041 (0.044), Loss 0.3021 (0.2937)
Test: [0/157], Time 0.116 (0.116), Prec@1 92.188 (92.188), Prec@5 100.000 (100.000)
11/13 07:22 EPOCH: 50 Val: Prec@1 61.100 Prec@5 93.700
11/13 07:22 many acc 71.75, med acc 18.50, few acc 0.00
Best Prec@1: 67.780

Epoch: [51/200][0/194], Time 0.148 (0.148), Loss 0.2790 (0.2790)
11/13 07:22 EPOCH: 51 Train: Time 0.041 (0.045), Loss 0.2781 (0.2884)
Saved cosine similarity heatmap to: /scratch/hy2611/GLMC/plot/cosine_similarity_heatmap_epoch_50.png
Saved Wi and Hi cosine similarity plot to: /scratch/hy2611/GLMC/plot/Wi_Hi_cosine_similarity_epoch_50.png
11/13 07:23 Loss:2.440, Acc:0.89, NC1:3.578,
Wnorm:[1.681,1.645,1.387,1.163,1.198,1.058,1.028,0.947,0.949,0.853]
Hnorm:[3.437,4.529,3.261,3.670,3.997,3.580,5.613,6.238,8.940,6.808]
Wcos:[-0.166,-0.145,-0.140,-0.099,-0.099,-0.077,-0.087,-0.067,-0.087,-0.072]
Test: [0/157], Time 0.122 (0.122), Prec@1 90.625 (90.625), Prec@5 100.000 (100.000)
11/13 07:23 EPOCH: 51 Val: Prec@1 67.720 Prec@5 97.000
11/13 07:23 many acc 71.41, med acc 52.95, few acc 0.00
Best Prec@1: 67.780

Epoch: [52/200][0/194], Time 0.138 (0.138), Loss 0.2400 (0.2400)
11/13 07:23 EPOCH: 52 Train: Time 0.041 (0.044), Loss 0.3374 (0.2893)
Test: [0/157], Time 0.121 (0.121), Prec@1 89.062 (89.062), Prec@5 100.000 (100.000)
11/13 07:23 EPOCH: 52 Val: Prec@1 56.440 Prec@5 92.110
11/13 07:23 many acc 63.79, med acc 27.05, few acc 0.00
Best Prec@1: 67.780

Epoch: [53/200][0/194], Time 0.142 (0.142), Loss 0.3770 (0.3770)
11/13 07:23 EPOCH: 53 Train: Time 0.041 (0.045), Loss 0.2433 (0.2755)
Test: [0/157], Time 0.105 (0.105), Prec@1 82.812 (82.812), Prec@5 98.438 (98.438)
11/13 07:23 EPOCH: 53 Val: Prec@1 58.450 Prec@5 93.710
11/13 07:23 many acc 69.06, med acc 16.00, few acc 0.00
Best Prec@1: 67.780

Epoch: [54/200][0/194], Time 0.134 (0.134), Loss 0.3909 (0.3909)
11/13 07:23 EPOCH: 54 Train: Time 0.041 (0.044), Loss 0.2148 (0.2854)
Test: [0/157], Time 0.112 (0.112), Prec@1 90.625 (90.625), Prec@5 100.000 (100.000)
11/13 07:23 EPOCH: 54 Val: Prec@1 54.690 Prec@5 91.630
11/13 07:23 many acc 64.06, med acc 17.20, few acc 0.00
Best Prec@1: 67.780

Epoch: [55/200][0/194], Time 0.126 (0.126), Loss 0.2959 (0.2959)
11/13 07:24 EPOCH: 55 Train: Time 0.041 (0.044), Loss 0.2025 (0.2821)
Test: [0/157], Time 0.120 (0.120), Prec@1 93.750 (93.750), Prec@5 98.438 (98.438)
11/13 07:24 EPOCH: 55 Val: Prec@1 68.040 Prec@5 96.290
11/13 07:24 many acc 73.55, med acc 46.00, few acc 0.00
Best Prec@1: 68.040

Epoch: [56/200][0/194], Time 0.124 (0.124), Loss 0.2284 (0.2284)
11/13 07:24 EPOCH: 56 Train: Time 0.041 (0.045), Loss 0.6497 (0.2785)
Test: [0/157], Time 0.111 (0.111), Prec@1 95.312 (95.312), Prec@5 100.000 (100.000)
11/13 07:24 EPOCH: 56 Val: Prec@1 52.700 Prec@5 92.880
11/13 07:24 many acc 58.03, med acc 31.40, few acc 0.00
Best Prec@1: 68.040

Epoch: [57/200][0/194], Time 0.151 (0.151), Loss 0.2451 (0.2451)
11/13 07:24 EPOCH: 57 Train: Time 0.041 (0.044), Loss 0.2339 (0.2717)
Test: [0/157], Time 0.120 (0.120), Prec@1 98.438 (98.438), Prec@5 100.000 (100.000)
11/13 07:24 EPOCH: 57 Val: Prec@1 55.850 Prec@5 93.450
11/13 07:24 many acc 64.66, med acc 20.60, few acc 0.00
Best Prec@1: 68.040

Epoch: [58/200][0/194], Time 0.133 (0.133), Loss 0.2932 (0.2932)
11/13 07:24 EPOCH: 58 Train: Time 0.041 (0.044), Loss 0.5757 (0.2723)
Test: [0/157], Time 0.121 (0.121), Prec@1 93.750 (93.750), Prec@5 98.438 (98.438)
11/13 07:24 EPOCH: 58 Val: Prec@1 57.450 Prec@5 93.830
11/13 07:24 many acc 61.48, med acc 41.35, few acc 0.00
Best Prec@1: 68.040

Epoch: [59/200][0/194], Time 0.146 (0.146), Loss 0.1922 (0.1922)
11/13 07:24 EPOCH: 59 Train: Time 0.041 (0.044), Loss 0.2986 (0.2581)
Test: [0/157], Time 0.122 (0.122), Prec@1 98.438 (98.438), Prec@5 100.000 (100.000)
11/13 07:24 EPOCH: 59 Val: Prec@1 60.610 Prec@5 95.140
11/13 07:24 many acc 66.05, med acc 38.85, few acc 0.00
Best Prec@1: 68.040

Epoch: [60/200][0/194], Time 0.136 (0.136), Loss 0.1951 (0.1951)
11/13 07:25 EPOCH: 60 Train: Time 0.041 (0.044), Loss 0.3815 (0.2612)
Test: [0/157], Time 0.116 (0.116), Prec@1 71.875 (71.875), Prec@5 93.750 (93.750)
11/13 07:25 EPOCH: 60 Val: Prec@1 62.540 Prec@5 92.280
11/13 07:25 many acc 67.61, med acc 42.25, few acc 0.00
Best Prec@1: 68.040

Epoch: [61/200][0/194], Time 0.141 (0.141), Loss 0.4081 (0.4081)
11/13 07:25 EPOCH: 61 Train: Time 0.041 (0.044), Loss 0.3042 (0.2678)
Saved cosine similarity heatmap to: /scratch/hy2611/GLMC/plot/cosine_similarity_heatmap_epoch_60.png
Saved Wi and Hi cosine similarity plot to: /scratch/hy2611/GLMC/plot/Wi_Hi_cosine_similarity_epoch_60.png
11/13 07:25 Loss:3.251, Acc:0.87, NC1:3.692,
Wnorm:[1.702,1.613,1.394,1.156,1.199,1.061,1.029,0.924,0.934,0.847]
Hnorm:[3.271,4.407,3.082,3.318,4.252,2.913,2.118,3.416,4.600,3.663]
Wcos:[-0.168,-0.142,-0.141,-0.099,-0.100,-0.077,-0.087,-0.067,-0.086,-0.069]
Test: [0/157], Time 0.107 (0.107), Prec@1 100.000 (100.000), Prec@5 100.000 (100.000)
11/13 07:25 EPOCH: 61 Val: Prec@1 47.610 Prec@5 87.190
11/13 07:25 many acc 55.44, med acc 16.30, few acc 0.00
Best Prec@1: 68.040

Epoch: [62/200][0/194], Time 0.180 (0.180), Loss 0.2716 (0.2716)
11/13 07:25 EPOCH: 62 Train: Time 0.041 (0.044), Loss 0.3484 (0.2716)
Test: [0/157], Time 0.119 (0.119), Prec@1 92.188 (92.188), Prec@5 98.438 (98.438)
11/13 07:25 EPOCH: 62 Val: Prec@1 55.860 Prec@5 92.930
11/13 07:25 many acc 66.53, med acc 13.20, few acc 0.00
Best Prec@1: 68.040

Epoch: [63/200][0/194], Time 0.138 (0.138), Loss 0.0765 (0.0765)
11/13 07:25 EPOCH: 63 Train: Time 0.041 (0.044), Loss 0.2032 (0.2500)
Test: [0/157], Time 0.123 (0.123), Prec@1 95.312 (95.312), Prec@5 98.438 (98.438)
11/13 07:25 EPOCH: 63 Val: Prec@1 60.790 Prec@5 94.360
11/13 07:25 many acc 65.60, med acc 41.55, few acc 0.00
Best Prec@1: 68.040

Epoch: [64/200][0/194], Time 0.144 (0.144), Loss 0.4616 (0.4616)
11/13 07:26 EPOCH: 64 Train: Time 0.041 (0.044), Loss 0.3367 (0.2486)
Test: [0/157], Time 0.122 (0.122), Prec@1 96.875 (96.875), Prec@5 98.438 (98.438)
11/13 07:26 EPOCH: 64 Val: Prec@1 54.520 Prec@5 92.310
11/13 07:26 many acc 65.41, med acc 10.95, few acc 0.00
Best Prec@1: 68.040

Epoch: [65/200][0/194], Time 0.142 (0.142), Loss 0.3620 (0.3620)
11/13 07:26 EPOCH: 65 Train: Time 0.041 (0.044), Loss 0.2321 (0.2576)
Test: [0/157], Time 0.112 (0.112), Prec@1 92.188 (92.188), Prec@5 100.000 (100.000)
11/13 07:26 EPOCH: 65 Val: Prec@1 67.300 Prec@5 97.160
11/13 07:26 many acc 66.70, med acc 69.70, few acc 0.00
Best Prec@1: 68.040

Epoch: [66/200][0/194], Time 0.131 (0.131), Loss 0.2302 (0.2302)
11/13 07:26 EPOCH: 66 Train: Time 0.041 (0.045), Loss 0.3255 (0.2534)
Test: [0/157], Time 0.118 (0.118), Prec@1 82.812 (82.812), Prec@5 100.000 (100.000)
11/13 07:26 EPOCH: 66 Val: Prec@1 66.860 Prec@5 95.120
11/13 07:26 many acc 65.45, med acc 72.50, few acc 0.00
Best Prec@1: 68.040

Epoch: [67/200][0/194], Time 0.150 (0.150), Loss 0.2028 (0.2028)
11/13 07:26 EPOCH: 67 Train: Time 0.041 (0.044), Loss 0.2306 (0.2406)
Test: [0/157], Time 0.116 (0.116), Prec@1 90.625 (90.625), Prec@5 100.000 (100.000)
11/13 07:26 EPOCH: 67 Val: Prec@1 61.960 Prec@5 93.630
11/13 07:26 many acc 56.81, med acc 82.55, few acc 0.00
Best Prec@1: 68.040

Epoch: [68/200][0/194], Time 0.137 (0.137), Loss 0.1756 (0.1756)
11/13 07:26 EPOCH: 68 Train: Time 0.041 (0.044), Loss 0.3383 (0.2466)
Test: [0/157], Time 0.114 (0.114), Prec@1 93.750 (93.750), Prec@5 100.000 (100.000)
11/13 07:26 EPOCH: 68 Val: Prec@1 58.240 Prec@5 95.700
11/13 07:26 many acc 68.60, med acc 16.80, few acc 0.00
Best Prec@1: 68.040

Epoch: [69/200][0/194], Time 0.133 (0.133), Loss 0.2270 (0.2270)
11/13 07:27 EPOCH: 69 Train: Time 0.041 (0.045), Loss 0.4120 (0.2465)
Test: [0/157], Time 0.118 (0.118), Prec@1 93.750 (93.750), Prec@5 100.000 (100.000)
11/13 07:27 EPOCH: 69 Val: Prec@1 62.950 Prec@5 96.410
11/13 07:27 many acc 67.39, med acc 45.20, few acc 0.00
Best Prec@1: 68.040

Epoch: [70/200][0/194], Time 0.150 (0.150), Loss 0.2158 (0.2158)
11/13 07:27 EPOCH: 70 Train: Time 0.041 (0.044), Loss 0.2954 (0.2342)
Test: [0/157], Time 0.123 (0.123), Prec@1 90.625 (90.625), Prec@5 100.000 (100.000)
11/13 07:27 EPOCH: 70 Val: Prec@1 56.210 Prec@5 90.710
11/13 07:27 many acc 69.19, med acc 4.30, few acc 0.00
Best Prec@1: 68.040

Epoch: [71/200][0/194], Time 0.134 (0.134), Loss 0.2370 (0.2370)
11/13 07:27 EPOCH: 71 Train: Time 0.041 (0.044), Loss 0.2033 (0.2354)
Saved cosine similarity heatmap to: /scratch/hy2611/GLMC/plot/cosine_similarity_heatmap_epoch_70.png
Saved Wi and Hi cosine similarity plot to: /scratch/hy2611/GLMC/plot/Wi_Hi_cosine_similarity_epoch_70.png
11/13 07:27 Loss:2.830, Acc:0.89, NC1:3.020,
Wnorm:[1.709,1.618,1.399,1.195,1.204,1.049,1.036,0.933,0.919,0.844]
Hnorm:[3.633,4.544,3.615,3.599,2.981,2.825,3.925,1.895,5.775,3.894]
Wcos:[-0.169,-0.143,-0.141,-0.104,-0.099,-0.075,-0.086,-0.066,-0.084,-0.068]
Test: [0/157], Time 0.112 (0.112), Prec@1 95.312 (95.312), Prec@5 100.000 (100.000)
11/13 07:27 EPOCH: 71 Val: Prec@1 46.270 Prec@5 88.850
11/13 07:27 many acc 53.99, med acc 15.40, few acc 0.00
Best Prec@1: 68.040

Epoch: [72/200][0/194], Time 0.161 (0.161), Loss 0.4198 (0.4198)
11/13 07:27 EPOCH: 72 Train: Time 0.041 (0.044), Loss 0.1975 (0.2258)
Test: [0/157], Time 0.107 (0.107), Prec@1 95.312 (95.312), Prec@5 100.000 (100.000)
11/13 07:28 EPOCH: 72 Val: Prec@1 59.110 Prec@5 95.000
11/13 07:28 many acc 64.85, med acc 36.15, few acc 0.00
Best Prec@1: 68.040

Epoch: [73/200][0/194], Time 0.146 (0.146), Loss 0.2213 (0.2213)
11/13 07:28 EPOCH: 73 Train: Time 0.041 (0.044), Loss 0.2023 (0.2372)
Test: [0/157], Time 0.107 (0.107), Prec@1 96.875 (96.875), Prec@5 100.000 (100.000)
11/13 07:28 EPOCH: 73 Val: Prec@1 66.450 Prec@5 95.470
11/13 07:28 many acc 71.16, med acc 47.60, few acc 0.00
Best Prec@1: 68.040

Epoch: [74/200][0/194], Time 0.162 (0.162), Loss 0.1313 (0.1313)
11/13 07:28 EPOCH: 74 Train: Time 0.041 (0.045), Loss 0.2101 (0.2288)
Test: [0/157], Time 0.126 (0.126), Prec@1 96.875 (96.875), Prec@5 100.000 (100.000)
11/13 07:28 EPOCH: 74 Val: Prec@1 61.810 Prec@5 94.780
11/13 07:28 many acc 65.44, med acc 47.30, few acc 0.00
Best Prec@1: 68.040

Epoch: [75/200][0/194], Time 0.154 (0.154), Loss 0.0887 (0.0887)
11/13 07:28 EPOCH: 75 Train: Time 0.041 (0.044), Loss 0.1585 (0.2202)
Test: [0/157], Time 0.108 (0.108), Prec@1 96.875 (96.875), Prec@5 100.000 (100.000)
11/13 07:28 EPOCH: 75 Val: Prec@1 68.940 Prec@5 97.060
11/13 07:28 many acc 73.47, med acc 50.80, few acc 0.00
Best Prec@1: 68.940

Epoch: [76/200][0/194], Time 0.135 (0.135), Loss 0.2636 (0.2636)
11/13 07:28 EPOCH: 76 Train: Time 0.041 (0.044), Loss 0.2310 (0.2299)
Test: [0/157], Time 0.119 (0.119), Prec@1 93.750 (93.750), Prec@5 100.000 (100.000)
11/13 07:28 EPOCH: 76 Val: Prec@1 58.230 Prec@5 93.250
11/13 07:28 many acc 68.35, med acc 17.75, few acc 0.00
Best Prec@1: 68.940

Epoch: [77/200][0/194], Time 0.147 (0.147), Loss 0.1670 (0.1670)
11/13 07:29 EPOCH: 77 Train: Time 0.041 (0.044), Loss 0.3916 (0.2161)
Test: [0/157], Time 0.117 (0.117), Prec@1 93.750 (93.750), Prec@5 100.000 (100.000)
11/13 07:29 EPOCH: 77 Val: Prec@1 66.190 Prec@5 95.100
11/13 07:29 many acc 72.88, med acc 39.45, few acc 0.00
Best Prec@1: 68.940

Epoch: [78/200][0/194], Time 0.143 (0.143), Loss 0.2040 (0.2040)
11/13 07:29 EPOCH: 78 Train: Time 0.041 (0.044), Loss 0.1415 (0.2133)
Test: [0/157], Time 0.111 (0.111), Prec@1 93.750 (93.750), Prec@5 98.438 (98.438)
11/13 07:29 EPOCH: 78 Val: Prec@1 64.850 Prec@5 94.350
11/13 07:29 many acc 66.62, med acc 57.75, few acc 0.00
Best Prec@1: 68.940

Epoch: [79/200][0/194], Time 0.128 (0.128), Loss 0.0665 (0.0665)
11/13 07:29 EPOCH: 79 Train: Time 0.041 (0.044), Loss 0.2279 (0.2174)
Test: [0/157], Time 0.111 (0.111), Prec@1 96.875 (96.875), Prec@5 100.000 (100.000)
11/13 07:29 EPOCH: 79 Val: Prec@1 61.340 Prec@5 96.270
11/13 07:29 many acc 68.09, med acc 34.35, few acc 0.00
Best Prec@1: 68.940

Epoch: [80/200][0/194], Time 0.137 (0.137), Loss 0.3457 (0.3457)
11/13 07:29 EPOCH: 80 Train: Time 0.041 (0.044), Loss 0.2574 (0.2177)
Test: [0/157], Time 0.111 (0.111), Prec@1 96.875 (96.875), Prec@5 100.000 (100.000)
11/13 07:29 EPOCH: 80 Val: Prec@1 59.970 Prec@5 95.420
11/13 07:29 many acc 68.06, med acc 27.60, few acc 0.00
Best Prec@1: 68.940

Epoch: [81/200][0/194], Time 0.128 (0.128), Loss 0.2253 (0.2253)
11/13 07:29 EPOCH: 81 Train: Time 0.040 (0.044), Loss 0.2648 (0.2026)
Saved cosine similarity heatmap to: /scratch/hy2611/GLMC/plot/cosine_similarity_heatmap_epoch_80.png
Saved Wi and Hi cosine similarity plot to: /scratch/hy2611/GLMC/plot/Wi_Hi_cosine_similarity_epoch_80.png
11/13 07:30 Loss:2.902, Acc:0.88, NC1:2.954,
Wnorm:[1.697,1.619,1.411,1.205,1.184,1.060,1.031,0.933,0.906,0.823]
Hnorm:[3.838,4.567,3.544,4.506,4.195,5.117,5.282,4.291,7.991,5.668]
Wcos:[-0.166,-0.143,-0.144,-0.107,-0.096,-0.080,-0.084,-0.066,-0.079,-0.065]
Test: [0/157], Time 0.112 (0.112), Prec@1 87.500 (87.500), Prec@5 98.438 (98.438)
11/13 07:30 EPOCH: 81 Val: Prec@1 60.560 Prec@5 94.920
11/13 07:30 many acc 63.79, med acc 47.65, few acc 0.00
Best Prec@1: 68.940

Epoch: [82/200][0/194], Time 0.135 (0.135), Loss 0.2782 (0.2782)
11/13 07:30 EPOCH: 82 Train: Time 0.041 (0.044), Loss 0.1920 (0.2110)
Test: [0/157], Time 0.122 (0.122), Prec@1 96.875 (96.875), Prec@5 100.000 (100.000)
11/13 07:30 EPOCH: 82 Val: Prec@1 67.550 Prec@5 96.760
11/13 07:30 many acc 68.61, med acc 63.30, few acc 0.00
Best Prec@1: 68.940

Epoch: [83/200][0/194], Time 0.134 (0.134), Loss 0.2011 (0.2011)
11/13 07:30 EPOCH: 83 Train: Time 0.041 (0.044), Loss 0.1472 (0.1992)
Test: [0/157], Time 0.106 (0.106), Prec@1 95.312 (95.312), Prec@5 98.438 (98.438)
11/13 07:30 EPOCH: 83 Val: Prec@1 54.960 Prec@5 93.190
11/13 07:30 many acc 63.74, med acc 19.85, few acc 0.00
Best Prec@1: 68.940

Epoch: [84/200][0/194], Time 0.158 (0.158), Loss 0.1736 (0.1736)
11/13 07:30 EPOCH: 84 Train: Time 0.041 (0.044), Loss 0.1640 (0.2036)
Test: [0/157], Time 0.119 (0.119), Prec@1 96.875 (96.875), Prec@5 100.000 (100.000)
11/13 07:30 EPOCH: 84 Val: Prec@1 66.500 Prec@5 95.110
11/13 07:30 many acc 71.75, med acc 45.50, few acc 0.00
Best Prec@1: 68.940

Epoch: [85/200][0/194], Time 0.146 (0.146), Loss 0.2891 (0.2891)
11/13 07:30 EPOCH: 85 Train: Time 0.041 (0.045), Loss 0.3012 (0.1965)
Test: [0/157], Time 0.122 (0.122), Prec@1 98.438 (98.438), Prec@5 100.000 (100.000)
11/13 07:30 EPOCH: 85 Val: Prec@1 57.100 Prec@5 93.470
11/13 07:30 many acc 64.25, med acc 28.50, few acc 0.00
Best Prec@1: 68.940

Epoch: [86/200][0/194], Time 0.134 (0.134), Loss 0.2576 (0.2576)
11/13 07:31 EPOCH: 86 Train: Time 0.041 (0.044), Loss 0.1293 (0.2075)
Test: [0/157], Time 0.107 (0.107), Prec@1 96.875 (96.875), Prec@5 100.000 (100.000)
11/13 07:31 EPOCH: 86 Val: Prec@1 53.980 Prec@5 95.160
11/13 07:31 many acc 58.82, med acc 34.60, few acc 0.00
Best Prec@1: 68.940

Epoch: [87/200][0/194], Time 0.146 (0.146), Loss 0.1997 (0.1997)
11/13 07:31 EPOCH: 87 Train: Time 0.041 (0.044), Loss 0.1819 (0.1807)
Test: [0/157], Time 0.117 (0.117), Prec@1 96.875 (96.875), Prec@5 100.000 (100.000)
11/13 07:31 EPOCH: 87 Val: Prec@1 65.250 Prec@5 96.110
11/13 07:31 many acc 69.69, med acc 47.50, few acc 0.00
Best Prec@1: 68.940

Epoch: [88/200][0/194], Time 0.158 (0.158), Loss 0.1701 (0.1701)
11/13 07:31 EPOCH: 88 Train: Time 0.041 (0.044), Loss 0.1337 (0.1924)
Test: [0/157], Time 0.103 (0.103), Prec@1 95.312 (95.312), Prec@5 100.000 (100.000)
11/13 07:31 EPOCH: 88 Val: Prec@1 58.720 Prec@5 93.870
11/13 07:31 many acc 66.30, med acc 28.40, few acc 0.00
Best Prec@1: 68.940

Epoch: [89/200][0/194], Time 0.132 (0.132), Loss 0.1539 (0.1539)
11/13 07:31 EPOCH: 89 Train: Time 0.041 (0.044), Loss 0.2103 (0.1839)
Test: [0/157], Time 0.120 (0.120), Prec@1 89.062 (89.062), Prec@5 95.312 (95.312)
11/13 07:31 EPOCH: 89 Val: Prec@1 69.070 Prec@5 96.020
11/13 07:31 many acc 70.98, med acc 61.45, few acc 0.00
Best Prec@1: 69.070

Epoch: [90/200][0/194], Time 0.140 (0.140), Loss 0.1406 (0.1406)
11/13 07:31 EPOCH: 90 Train: Time 0.041 (0.044), Loss 0.1962 (0.1805)
Test: [0/157], Time 0.122 (0.122), Prec@1 92.188 (92.188), Prec@5 100.000 (100.000)
11/13 07:31 EPOCH: 90 Val: Prec@1 64.370 Prec@5 92.980
11/13 07:31 many acc 71.64, med acc 35.30, few acc 0.00
Best Prec@1: 69.070

Epoch: [91/200][0/194], Time 0.144 (0.144), Loss 0.1602 (0.1602)
11/13 07:32 EPOCH: 91 Train: Time 0.041 (0.044), Loss 0.1273 (0.1792)
Saved cosine similarity heatmap to: /scratch/hy2611/GLMC/plot/cosine_similarity_heatmap_epoch_90.png
Saved Wi and Hi cosine similarity plot to: /scratch/hy2611/GLMC/plot/Wi_Hi_cosine_similarity_epoch_90.png
11/13 07:32 Loss:2.196, Acc:0.91, NC1:2.465,
Wnorm:[1.721,1.621,1.424,1.224,1.201,1.077,1.025,0.936,0.906,0.811]
Hnorm:[3.821,4.482,4.014,3.288,4.876,3.323,4.438,7.297,6.295,6.748]
Wcos:[-0.167,-0.142,-0.143,-0.107,-0.100,-0.082,-0.083,-0.067,-0.075,-0.061]
Test: [0/157], Time 0.117 (0.117), Prec@1 93.750 (93.750), Prec@5 100.000 (100.000)
11/13 07:32 EPOCH: 91 Val: Prec@1 62.370 Prec@5 94.530
11/13 07:32 many acc 69.61, med acc 33.40, few acc 0.00
Best Prec@1: 69.070

Epoch: [92/200][0/194], Time 0.145 (0.145), Loss 0.2031 (0.2031)
11/13 07:32 EPOCH: 92 Train: Time 0.041 (0.044), Loss 0.0921 (0.1726)
Test: [0/157], Time 0.123 (0.123), Prec@1 98.438 (98.438), Prec@5 100.000 (100.000)
11/13 07:32 EPOCH: 92 Val: Prec@1 64.190 Prec@5 95.290
11/13 07:32 many acc 71.59, med acc 34.60, few acc 0.00
Best Prec@1: 69.070

Epoch: [93/200][0/194], Time 0.151 (0.151), Loss 0.1849 (0.1849)
11/13 07:32 EPOCH: 93 Train: Time 0.041 (0.044), Loss 0.3587 (0.1746)
Test: [0/157], Time 0.113 (0.113), Prec@1 89.062 (89.062), Prec@5 96.875 (96.875)
11/13 07:32 EPOCH: 93 Val: Prec@1 67.430 Prec@5 94.150
11/13 07:32 many acc 72.90, med acc 45.55, few acc 0.00
Best Prec@1: 69.070

Epoch: [94/200][0/194], Time 0.146 (0.146), Loss 0.1539 (0.1539)
11/13 07:32 EPOCH: 94 Train: Time 0.041 (0.044), Loss 0.3048 (0.1816)
Test: [0/157], Time 0.120 (0.120), Prec@1 96.875 (96.875), Prec@5 100.000 (100.000)
11/13 07:33 EPOCH: 94 Val: Prec@1 69.010 Prec@5 95.910
11/13 07:33 many acc 74.20, med acc 48.25, few acc 0.00
Best Prec@1: 69.070

Epoch: [95/200][0/194], Time 0.144 (0.144), Loss 0.1279 (0.1279)
11/13 07:33 EPOCH: 95 Train: Time 0.041 (0.045), Loss 0.3032 (0.1613)
Test: [0/157], Time 0.122 (0.122), Prec@1 93.750 (93.750), Prec@5 100.000 (100.000)
11/13 07:33 EPOCH: 95 Val: Prec@1 69.480 Prec@5 96.770
11/13 07:33 many acc 76.48, med acc 41.50, few acc 0.00
Best Prec@1: 69.480

Epoch: [96/200][0/194], Time 0.154 (0.154), Loss 0.1205 (0.1205)
11/13 07:33 EPOCH: 96 Train: Time 0.041 (0.044), Loss 0.2451 (0.1717)
Test: [0/157], Time 0.106 (0.106), Prec@1 93.750 (93.750), Prec@5 100.000 (100.000)
11/13 07:33 EPOCH: 96 Val: Prec@1 66.400 Prec@5 96.710
11/13 07:33 many acc 75.66, med acc 29.35, few acc 0.00
Best Prec@1: 69.480

Epoch: [97/200][0/194], Time 0.138 (0.138), Loss 0.1641 (0.1641)
11/13 07:33 EPOCH: 97 Train: Time 0.041 (0.045), Loss 0.1705 (0.1694)
Test: [0/157], Time 0.113 (0.113), Prec@1 89.062 (89.062), Prec@5 98.438 (98.438)
11/13 07:33 EPOCH: 97 Val: Prec@1 66.350 Prec@5 94.880
11/13 07:33 many acc 72.51, med acc 41.70, few acc 0.00
Best Prec@1: 69.480

Epoch: [98/200][0/194], Time 0.140 (0.140), Loss 0.1817 (0.1817)
11/13 07:33 EPOCH: 98 Train: Time 0.041 (0.044), Loss 0.2655 (0.1686)
Test: [0/157], Time 0.107 (0.107), Prec@1 93.750 (93.750), Prec@5 98.438 (98.438)
11/13 07:33 EPOCH: 98 Val: Prec@1 69.190 Prec@5 94.150
11/13 07:33 many acc 71.62, med acc 59.45, few acc 0.00
Best Prec@1: 69.480

Epoch: [99/200][0/194], Time 0.161 (0.161), Loss 0.1404 (0.1404)
11/13 07:34 EPOCH: 99 Train: Time 0.041 (0.045), Loss 0.3266 (0.1626)
Test: [0/157], Time 0.121 (0.121), Prec@1 96.875 (96.875), Prec@5 100.000 (100.000)
11/13 07:34 EPOCH: 99 Val: Prec@1 73.510 Prec@5 96.750
11/13 07:34 many acc 76.36, med acc 62.10, few acc 0.00
Best Prec@1: 73.510

Epoch: [100/200][0/194], Time 0.139 (0.139), Loss 0.0564 (0.0564)
11/13 07:34 EPOCH: 100 Train: Time 0.041 (0.044), Loss 0.0994 (0.1548)
Test: [0/157], Time 0.117 (0.117), Prec@1 92.188 (92.188), Prec@5 100.000 (100.000)
11/13 07:34 EPOCH: 100 Val: Prec@1 68.980 Prec@5 95.570
11/13 07:34 many acc 73.47, med acc 51.00, few acc 0.00
Best Prec@1: 73.510

Epoch: [101/200][0/194], Time 0.134 (0.134), Loss 0.1064 (0.1064)
11/13 07:34 EPOCH: 101 Train: Time 0.041 (0.044), Loss 0.1543 (0.1592)
Saved cosine similarity heatmap to: /scratch/hy2611/GLMC/plot/cosine_similarity_heatmap_epoch_100.png
Saved Wi and Hi cosine similarity plot to: /scratch/hy2611/GLMC/plot/Wi_Hi_cosine_similarity_epoch_100.png
11/13 07:34 Loss:1.385, Acc:0.94, NC1:1.885,
Wnorm:[1.712,1.597,1.430,1.228,1.192,1.071,1.030,0.933,0.894,0.795]
Hnorm:[4.265,4.911,4.537,4.395,3.610,6.007,7.455,4.975,8.359,11.308]
Wcos:[-0.168,-0.141,-0.145,-0.109,-0.099,-0.082,-0.082,-0.066,-0.074,-0.059]
Test: [0/157], Time 0.106 (0.106), Prec@1 93.750 (93.750), Prec@5 100.000 (100.000)
11/13 07:34 EPOCH: 101 Val: Prec@1 66.060 Prec@5 94.730
11/13 07:34 many acc 70.84, med acc 46.95, few acc 0.00
Best Prec@1: 73.510

Epoch: [102/200][0/194], Time 0.139 (0.139), Loss 0.2013 (0.2013)
11/13 07:34 EPOCH: 102 Train: Time 0.041 (0.044), Loss 0.2607 (0.1480)
Test: [0/157], Time 0.121 (0.121), Prec@1 98.438 (98.438), Prec@5 100.000 (100.000)
11/13 07:34 EPOCH: 102 Val: Prec@1 75.340 Prec@5 97.550
11/13 07:34 many acc 77.51, med acc 66.65, few acc 0.00
Best Prec@1: 75.340

Epoch: [103/200][0/194], Time 0.139 (0.139), Loss 0.1422 (0.1422)
11/13 07:35 EPOCH: 103 Train: Time 0.041 (0.044), Loss 0.1415 (0.1543)
Test: [0/157], Time 0.119 (0.119), Prec@1 95.312 (95.312), Prec@5 100.000 (100.000)
11/13 07:35 EPOCH: 103 Val: Prec@1 64.720 Prec@5 94.750
11/13 07:35 many acc 75.24, med acc 22.65, few acc 0.00
Best Prec@1: 75.340

Epoch: [104/200][0/194], Time 0.153 (0.153), Loss 0.0897 (0.0897)
11/13 07:35 EPOCH: 104 Train: Time 0.041 (0.044), Loss 0.2292 (0.1444)
Test: [0/157], Time 0.107 (0.107), Prec@1 96.875 (96.875), Prec@5 100.000 (100.000)
11/13 07:35 EPOCH: 104 Val: Prec@1 59.430 Prec@5 92.810
11/13 07:35 many acc 69.41, med acc 19.50, few acc 0.00
Best Prec@1: 75.340

Epoch: [105/200][0/194], Time 0.153 (0.153), Loss 0.1291 (0.1291)
11/13 07:35 EPOCH: 105 Train: Time 0.041 (0.044), Loss 0.1978 (0.1549)
Test: [0/157], Time 0.109 (0.109), Prec@1 95.312 (95.312), Prec@5 100.000 (100.000)
11/13 07:35 EPOCH: 105 Val: Prec@1 62.550 Prec@5 93.650
11/13 07:35 many acc 68.91, med acc 37.10, few acc 0.00
Best Prec@1: 75.340

Epoch: [106/200][0/194], Time 0.151 (0.151), Loss 0.0760 (0.0760)
11/13 07:35 EPOCH: 106 Train: Time 0.041 (0.044), Loss 0.2340 (0.1384)
Test: [0/157], Time 0.118 (0.118), Prec@1 96.875 (96.875), Prec@5 100.000 (100.000)
11/13 07:35 EPOCH: 106 Val: Prec@1 61.860 Prec@5 92.430
11/13 07:35 many acc 68.26, med acc 36.25, few acc 0.00
Best Prec@1: 75.340

Epoch: [107/200][0/194], Time 0.133 (0.133), Loss 0.1348 (0.1348)
11/13 07:35 EPOCH: 107 Train: Time 0.041 (0.045), Loss 0.0564 (0.1340)
Test: [0/157], Time 0.112 (0.112), Prec@1 95.312 (95.312), Prec@5 100.000 (100.000)
11/13 07:35 EPOCH: 107 Val: Prec@1 69.250 Prec@5 96.390
11/13 07:35 many acc 74.56, med acc 48.00, few acc 0.00
Best Prec@1: 75.340

Epoch: [108/200][0/194], Time 0.140 (0.140), Loss 0.2347 (0.2347)
11/13 07:36 EPOCH: 108 Train: Time 0.041 (0.045), Loss 0.0655 (0.1376)
Test: [0/157], Time 0.120 (0.120), Prec@1 92.188 (92.188), Prec@5 100.000 (100.000)
11/13 07:36 EPOCH: 108 Val: Prec@1 70.180 Prec@5 96.790
11/13 07:36 many acc 77.06, med acc 42.65, few acc 0.00
Best Prec@1: 75.340

Epoch: [109/200][0/194], Time 0.143 (0.143), Loss 0.2518 (0.2518)
11/13 07:36 EPOCH: 109 Train: Time 0.041 (0.044), Loss 0.1154 (0.1365)
Test: [0/157], Time 0.121 (0.121), Prec@1 92.188 (92.188), Prec@5 100.000 (100.000)
11/13 07:36 EPOCH: 109 Val: Prec@1 69.490 Prec@5 95.470
11/13 07:36 many acc 76.79, med acc 40.30, few acc 0.00
Best Prec@1: 75.340

Epoch: [110/200][0/194], Time 0.151 (0.151), Loss 0.1033 (0.1033)
11/13 07:36 EPOCH: 110 Train: Time 0.041 (0.044), Loss 0.0885 (0.1174)
Test: [0/157], Time 0.122 (0.122), Prec@1 90.625 (90.625), Prec@5 98.438 (98.438)
11/13 07:36 EPOCH: 110 Val: Prec@1 66.480 Prec@5 97.000
11/13 07:36 many acc 64.11, med acc 75.95, few acc 0.00
Best Prec@1: 75.340

Epoch: [111/200][0/194], Time 0.142 (0.142), Loss 0.1783 (0.1783)
11/13 07:36 EPOCH: 111 Train: Time 0.041 (0.044), Loss 0.2051 (0.1365)
Saved cosine similarity heatmap to: /scratch/hy2611/GLMC/plot/cosine_similarity_heatmap_epoch_110.png
Saved Wi and Hi cosine similarity plot to: /scratch/hy2611/GLMC/plot/Wi_Hi_cosine_similarity_epoch_110.png
11/13 07:36 Loss:0.851, Acc:0.96, NC1:1.376,
Wnorm:[1.725,1.593,1.422,1.234,1.200,1.070,1.020,0.929,0.882,0.781]
Hnorm:[4.062,4.640,4.326,4.346,5.555,4.970,5.093,6.137,9.476,6.837]
Wcos:[-0.169,-0.142,-0.144,-0.110,-0.101,-0.083,-0.081,-0.066,-0.072,-0.056]
Test: [0/157], Time 0.117 (0.117), Prec@1 93.750 (93.750), Prec@5 98.438 (98.438)
11/13 07:36 EPOCH: 111 Val: Prec@1 64.750 Prec@5 95.860
11/13 07:36 many acc 72.44, med acc 34.00, few acc 0.00
Best Prec@1: 75.340

Epoch: [112/200][0/194], Time 0.143 (0.143), Loss 0.0778 (0.0778)
11/13 07:37 EPOCH: 112 Train: Time 0.041 (0.044), Loss 0.1626 (0.1130)
Test: [0/157], Time 0.120 (0.120), Prec@1 95.312 (95.312), Prec@5 98.438 (98.438)
11/13 07:37 EPOCH: 112 Val: Prec@1 69.750 Prec@5 97.190
11/13 07:37 many acc 76.14, med acc 44.20, few acc 0.00
Best Prec@1: 75.340

Epoch: [113/200][0/194], Time 0.140 (0.140), Loss 0.0948 (0.0948)
11/13 07:37 EPOCH: 113 Train: Time 0.041 (0.044), Loss 0.1249 (0.1164)
Test: [0/157], Time 0.105 (0.105), Prec@1 98.438 (98.438), Prec@5 100.000 (100.000)
11/13 07:37 EPOCH: 113 Val: Prec@1 66.750 Prec@5 96.190
11/13 07:37 many acc 71.80, med acc 46.55, few acc 0.00
Best Prec@1: 75.340

Epoch: [114/200][0/194], Time 0.128 (0.128), Loss 0.0340 (0.0340)
11/13 07:37 EPOCH: 114 Train: Time 0.041 (0.044), Loss 0.1949 (0.1288)
Test: [0/157], Time 0.118 (0.118), Prec@1 90.625 (90.625), Prec@5 100.000 (100.000)
11/13 07:37 EPOCH: 114 Val: Prec@1 71.550 Prec@5 96.480
11/13 07:37 many acc 78.24, med acc 44.80, few acc 0.00
Best Prec@1: 75.340

Epoch: [115/200][0/194], Time 0.132 (0.132), Loss 0.1126 (0.1126)
11/13 07:37 EPOCH: 115 Train: Time 0.041 (0.044), Loss 0.2747 (0.1011)
Test: [0/157], Time 0.117 (0.117), Prec@1 95.312 (95.312), Prec@5 100.000 (100.000)
11/13 07:37 EPOCH: 115 Val: Prec@1 62.970 Prec@5 96.060
11/13 07:37 many acc 71.08, med acc 30.55, few acc 0.00
Best Prec@1: 75.340

Epoch: [116/200][0/194], Time 0.142 (0.142), Loss 0.1100 (0.1100)
11/13 07:37 EPOCH: 116 Train: Time 0.041 (0.044), Loss 0.0622 (0.1228)
Test: [0/157], Time 0.105 (0.105), Prec@1 92.188 (92.188), Prec@5 100.000 (100.000)
11/13 07:38 EPOCH: 116 Val: Prec@1 70.410 Prec@5 96.780
11/13 07:38 many acc 75.60, med acc 49.65, few acc 0.00
Best Prec@1: 75.340

Epoch: [117/200][0/194], Time 0.145 (0.145), Loss 0.1133 (0.1133)
11/13 07:38 EPOCH: 117 Train: Time 0.041 (0.044), Loss 0.1447 (0.1052)
Test: [0/157], Time 0.109 (0.109), Prec@1 93.750 (93.750), Prec@5 98.438 (98.438)
11/13 07:38 EPOCH: 117 Val: Prec@1 66.120 Prec@5 96.790
11/13 07:38 many acc 75.31, med acc 29.35, few acc 0.00
Best Prec@1: 75.340

Epoch: [118/200][0/194], Time 0.134 (0.134), Loss 0.1887 (0.1887)
11/13 07:38 EPOCH: 118 Train: Time 0.041 (0.044), Loss 0.1346 (0.1061)
Test: [0/157], Time 0.124 (0.124), Prec@1 95.312 (95.312), Prec@5 100.000 (100.000)
11/13 07:38 EPOCH: 118 Val: Prec@1 69.090 Prec@5 96.150
11/13 07:38 many acc 75.24, med acc 44.50, few acc 0.00
Best Prec@1: 75.340

Epoch: [119/200][0/194], Time 0.135 (0.135), Loss 0.1130 (0.1130)
11/13 07:38 EPOCH: 119 Train: Time 0.041 (0.044), Loss 0.1505 (0.1011)
Test: [0/157], Time 0.107 (0.107), Prec@1 93.750 (93.750), Prec@5 100.000 (100.000)
11/13 07:38 EPOCH: 119 Val: Prec@1 67.100 Prec@5 94.530
11/13 07:38 many acc 70.36, med acc 54.05, few acc 0.00
Best Prec@1: 75.340

Epoch: [120/200][0/194], Time 0.140 (0.140), Loss 0.1174 (0.1174)
11/13 07:38 EPOCH: 120 Train: Time 0.041 (0.045), Loss 0.0400 (0.1079)
Test: [0/157], Time 0.122 (0.122), Prec@1 92.188 (92.188), Prec@5 100.000 (100.000)
11/13 07:38 EPOCH: 120 Val: Prec@1 68.860 Prec@5 95.760
11/13 07:38 many acc 78.89, med acc 28.75, few acc 0.00
Best Prec@1: 75.340

Epoch: [121/200][0/194], Time 0.140 (0.140), Loss 0.0948 (0.0948)
11/13 07:39 EPOCH: 121 Train: Time 0.041 (0.044), Loss 0.1161 (0.0968)
Saved cosine similarity heatmap to: /scratch/hy2611/GLMC/plot/cosine_similarity_heatmap_epoch_120.png
Saved Wi and Hi cosine similarity plot to: /scratch/hy2611/GLMC/plot/Wi_Hi_cosine_similarity_epoch_120.png
11/13 07:39 Loss:1.123, Acc:0.95, NC1:1.245,
Wnorm:[1.719,1.587,1.424,1.242,1.195,1.075,1.003,0.917,0.868,0.779]
Hnorm:[4.032,4.703,5.093,4.730,5.626,3.887,5.319,8.051,10.207,10.224]
Wcos:[-0.168,-0.143,-0.144,-0.112,-0.101,-0.084,-0.079,-0.065,-0.069,-0.054]
Test: [0/157], Time 0.118 (0.118), Prec@1 90.625 (90.625), Prec@5 100.000 (100.000)
11/13 07:39 EPOCH: 121 Val: Prec@1 66.990 Prec@5 95.820
11/13 07:39 many acc 72.20, med acc 46.15, few acc 0.00
Best Prec@1: 75.340

Epoch: [122/200][0/194], Time 0.131 (0.131), Loss 0.1209 (0.1209)
11/13 07:39 EPOCH: 122 Train: Time 0.041 (0.044), Loss 0.2359 (0.1066)
Test: [0/157], Time 0.111 (0.111), Prec@1 95.312 (95.312), Prec@5 100.000 (100.000)
11/13 07:39 EPOCH: 122 Val: Prec@1 71.740 Prec@5 96.140
11/13 07:39 many acc 73.15, med acc 66.10, few acc 0.00
Best Prec@1: 75.340

Epoch: [123/200][0/194], Time 0.162 (0.162), Loss 0.0708 (0.0708)
11/13 07:39 EPOCH: 123 Train: Time 0.041 (0.044), Loss 0.0495 (0.0943)
Test: [0/157], Time 0.113 (0.113), Prec@1 87.500 (87.500), Prec@5 100.000 (100.000)
11/13 07:39 EPOCH: 123 Val: Prec@1 70.280 Prec@5 95.700
11/13 07:39 many acc 74.35, med acc 54.00, few acc 0.00
Best Prec@1: 75.340

Epoch: [124/200][0/194], Time 0.163 (0.163), Loss 0.0302 (0.0302)
11/13 07:39 EPOCH: 124 Train: Time 0.041 (0.045), Loss 0.1701 (0.0921)
Test: [0/157], Time 0.109 (0.109), Prec@1 92.188 (92.188), Prec@5 100.000 (100.000)
11/13 07:39 EPOCH: 124 Val: Prec@1 71.500 Prec@5 97.150
11/13 07:39 many acc 72.84, med acc 66.15, few acc 0.00
Best Prec@1: 75.340

Epoch: [125/200][0/194], Time 0.129 (0.129), Loss 0.0871 (0.0871)
11/13 07:40 EPOCH: 125 Train: Time 0.041 (0.044), Loss 0.2465 (0.0935)
Test: [0/157], Time 0.107 (0.107), Prec@1 92.188 (92.188), Prec@5 100.000 (100.000)
11/13 07:40 EPOCH: 125 Val: Prec@1 65.620 Prec@5 94.910
11/13 07:40 many acc 72.11, med acc 39.65, few acc 0.00
Best Prec@1: 75.340

Epoch: [126/200][0/194], Time 0.140 (0.140), Loss 0.0234 (0.0234)
11/13 07:40 EPOCH: 126 Train: Time 0.041 (0.044), Loss 0.0224 (0.0839)
Test: [0/157], Time 0.119 (0.119), Prec@1 93.750 (93.750), Prec@5 100.000 (100.000)
11/13 07:40 EPOCH: 126 Val: Prec@1 68.670 Prec@5 95.940
11/13 07:40 many acc 77.83, med acc 32.05, few acc 0.00
Best Prec@1: 75.340

Epoch: [127/200][0/194], Time 0.138 (0.138), Loss 0.0578 (0.0578)
11/13 07:40 EPOCH: 127 Train: Time 0.041 (0.044), Loss 0.0590 (0.0819)
Test: [0/157], Time 0.119 (0.119), Prec@1 93.750 (93.750), Prec@5 100.000 (100.000)
11/13 07:40 EPOCH: 127 Val: Prec@1 65.550 Prec@5 95.690
11/13 07:40 many acc 71.88, med acc 40.25, few acc 0.00
Best Prec@1: 75.340

Epoch: [128/200][0/194], Time 0.148 (0.148), Loss 0.0785 (0.0785)
11/13 07:40 EPOCH: 128 Train: Time 0.041 (0.044), Loss 0.1012 (0.0907)
Test: [0/157], Time 0.105 (0.105), Prec@1 93.750 (93.750), Prec@5 100.000 (100.000)
11/13 07:40 EPOCH: 128 Val: Prec@1 69.190 Prec@5 96.300
11/13 07:40 many acc 73.46, med acc 52.10, few acc 0.00
Best Prec@1: 75.340

Epoch: [129/200][0/194], Time 0.152 (0.152), Loss 0.0417 (0.0417)
11/13 07:40 EPOCH: 129 Train: Time 0.041 (0.044), Loss 0.0594 (0.0749)
Test: [0/157], Time 0.106 (0.106), Prec@1 95.312 (95.312), Prec@5 100.000 (100.000)
11/13 07:40 EPOCH: 129 Val: Prec@1 73.690 Prec@5 97.260
11/13 07:40 many acc 79.45, med acc 50.65, few acc 0.00
Best Prec@1: 75.340

Epoch: [130/200][0/194], Time 0.153 (0.153), Loss 0.0590 (0.0590)
11/13 07:41 EPOCH: 130 Train: Time 0.041 (0.044), Loss 0.0345 (0.0668)
Test: [0/157], Time 0.106 (0.106), Prec@1 93.750 (93.750), Prec@5 98.438 (98.438)
11/13 07:41 EPOCH: 130 Val: Prec@1 70.590 Prec@5 96.850
11/13 07:41 many acc 79.81, med acc 33.70, few acc 0.00
Best Prec@1: 75.340

Epoch: [131/200][0/194], Time 0.124 (0.124), Loss 0.0357 (0.0357)
11/13 07:41 EPOCH: 131 Train: Time 0.041 (0.044), Loss 0.0261 (0.0769)
Saved cosine similarity heatmap to: /scratch/hy2611/GLMC/plot/cosine_similarity_heatmap_epoch_130.png
Saved Wi and Hi cosine similarity plot to: /scratch/hy2611/GLMC/plot/Wi_Hi_cosine_similarity_epoch_130.png
11/13 07:41 Loss:0.739, Acc:0.97, NC1:0.957,
Wnorm:[1.725,1.565,1.414,1.246,1.182,1.064,0.996,0.905,0.847,0.770]
Hnorm:[4.502,4.614,4.548,5.207,5.571,5.765,4.680,8.342,10.503,11.728]
Wcos:[-0.171,-0.143,-0.143,-0.113,-0.101,-0.083,-0.079,-0.064,-0.067,-0.052]
Test: [0/157], Time 0.121 (0.121), Prec@1 92.188 (92.188), Prec@5 100.000 (100.000)
11/13 07:41 EPOCH: 131 Val: Prec@1 72.320 Prec@5 96.970
11/13 07:41 many acc 75.02, med acc 61.50, few acc 0.00
Best Prec@1: 75.340

Epoch: [132/200][0/194], Time 0.136 (0.136), Loss 0.0948 (0.0948)
11/13 07:41 EPOCH: 132 Train: Time 0.041 (0.044), Loss 0.0896 (0.0734)
Test: [0/157], Time 0.119 (0.119), Prec@1 95.312 (95.312), Prec@5 98.438 (98.438)
11/13 07:41 EPOCH: 132 Val: Prec@1 76.600 Prec@5 97.460
11/13 07:41 many acc 79.65, med acc 64.40, few acc 0.00
Best Prec@1: 76.600

Epoch: [133/200][0/194], Time 0.157 (0.157), Loss 0.0383 (0.0383)
11/13 07:41 EPOCH: 133 Train: Time 0.041 (0.044), Loss 0.0609 (0.0636)
Test: [0/157], Time 0.120 (0.120), Prec@1 95.312 (95.312), Prec@5 100.000 (100.000)
11/13 07:41 EPOCH: 133 Val: Prec@1 77.380 Prec@5 97.770
11/13 07:41 many acc 81.25, med acc 61.90, few acc 0.00
Best Prec@1: 77.380

Epoch: [134/200][0/194], Time 0.133 (0.133), Loss 0.1039 (0.1039)
11/13 07:42 EPOCH: 134 Train: Time 0.041 (0.044), Loss 0.1010 (0.0630)
Test: [0/157], Time 0.120 (0.120), Prec@1 96.875 (96.875), Prec@5 100.000 (100.000)
11/13 07:42 EPOCH: 134 Val: Prec@1 66.950 Prec@5 96.310
11/13 07:42 many acc 76.80, med acc 27.55, few acc 0.00
Best Prec@1: 77.380

Epoch: [135/200][0/194], Time 0.144 (0.144), Loss 0.0299 (0.0299)
11/13 07:42 EPOCH: 135 Train: Time 0.041 (0.045), Loss 0.0675 (0.0709)
Test: [0/157], Time 0.107 (0.107), Prec@1 95.312 (95.312), Prec@5 100.000 (100.000)
11/13 07:42 EPOCH: 135 Val: Prec@1 70.790 Prec@5 96.170
11/13 07:42 many acc 75.19, med acc 53.20, few acc 0.00
Best Prec@1: 77.380

Epoch: [136/200][0/194], Time 0.132 (0.132), Loss 0.1749 (0.1749)
11/13 07:42 EPOCH: 136 Train: Time 0.041 (0.044), Loss 0.1152 (0.0557)
Test: [0/157], Time 0.125 (0.125), Prec@1 92.188 (92.188), Prec@5 100.000 (100.000)
11/13 07:42 EPOCH: 136 Val: Prec@1 71.080 Prec@5 97.060
11/13 07:42 many acc 77.86, med acc 43.95, few acc 0.00
Best Prec@1: 77.380

Epoch: [137/200][0/194], Time 0.124 (0.124), Loss 0.0233 (0.0233)
11/13 07:42 EPOCH: 137 Train: Time 0.041 (0.044), Loss 0.0204 (0.0571)
Test: [0/157], Time 0.106 (0.106), Prec@1 93.750 (93.750), Prec@5 100.000 (100.000)
11/13 07:42 EPOCH: 137 Val: Prec@1 68.040 Prec@5 96.280
11/13 07:42 many acc 76.15, med acc 35.60, few acc 0.00
Best Prec@1: 77.380

Epoch: [138/200][0/194], Time 0.144 (0.144), Loss 0.0409 (0.0409)
11/13 07:42 EPOCH: 138 Train: Time 0.041 (0.044), Loss 0.0571 (0.0599)
Test: [0/157], Time 0.111 (0.111), Prec@1 89.062 (89.062), Prec@5 100.000 (100.000)
11/13 07:43 EPOCH: 138 Val: Prec@1 70.520 Prec@5 95.340
11/13 07:43 many acc 76.83, med acc 45.30, few acc 0.00
Best Prec@1: 77.380

Epoch: [139/200][0/194], Time 0.161 (0.161), Loss 0.1080 (0.1080)
11/13 07:43 EPOCH: 139 Train: Time 0.041 (0.044), Loss 0.1431 (0.0540)
Test: [0/157], Time 0.123 (0.123), Prec@1 93.750 (93.750), Prec@5 100.000 (100.000)
11/13 07:43 EPOCH: 139 Val: Prec@1 63.270 Prec@5 94.920
11/13 07:43 many acc 70.33, med acc 35.05, few acc 0.00
Best Prec@1: 77.380

Epoch: [140/200][0/194], Time 0.146 (0.146), Loss 0.0636 (0.0636)
11/13 07:43 EPOCH: 140 Train: Time 0.041 (0.045), Loss 0.0609 (0.0639)
Test: [0/157], Time 0.120 (0.120), Prec@1 96.875 (96.875), Prec@5 98.438 (98.438)
11/13 07:43 EPOCH: 140 Val: Prec@1 70.700 Prec@5 95.720
11/13 07:43 many acc 79.90, med acc 33.90, few acc 0.00
Best Prec@1: 77.380

Epoch: [141/200][0/194], Time 0.145 (0.145), Loss 0.0228 (0.0228)
11/13 07:43 EPOCH: 141 Train: Time 0.041 (0.044), Loss 0.0523 (0.0455)
Saved cosine similarity heatmap to: /scratch/hy2611/GLMC/plot/cosine_similarity_heatmap_epoch_140.png
Saved Wi and Hi cosine similarity plot to: /scratch/hy2611/GLMC/plot/Wi_Hi_cosine_similarity_epoch_140.png
11/13 07:43 Loss:0.206, Acc:0.99, NC1:0.446,
Wnorm:[1.717,1.551,1.404,1.244,1.170,1.052,0.977,0.889,0.828,0.755]
Hnorm:[4.690,4.925,5.001,5.022,6.092,6.817,6.859,8.092,9.836,14.006]
Wcos:[-0.172,-0.144,-0.142,-0.113,-0.101,-0.084,-0.077,-0.063,-0.064,-0.050]
Test: [0/157], Time 0.099 (0.099), Prec@1 95.312 (95.312), Prec@5 100.000 (100.000)
11/13 07:43 EPOCH: 141 Val: Prec@1 72.710 Prec@5 97.060
11/13 07:43 many acc 78.62, med acc 49.05, few acc 0.00
Best Prec@1: 77.380

Epoch: [142/200][0/194], Time 0.143 (0.143), Loss 0.0344 (0.0344)
11/13 07:43 EPOCH: 142 Train: Time 0.041 (0.044), Loss 0.0669 (0.0361)
Test: [0/157], Time 0.111 (0.111), Prec@1 92.188 (92.188), Prec@5 98.438 (98.438)
11/13 07:44 EPOCH: 142 Val: Prec@1 68.490 Prec@5 96.450
11/13 07:44 many acc 78.19, med acc 29.70, few acc 0.00
Best Prec@1: 77.380

Epoch: [143/200][0/194], Time 0.153 (0.153), Loss 0.0214 (0.0214)
11/13 07:44 EPOCH: 143 Train: Time 0.041 (0.044), Loss 0.0627 (0.0494)
Test: [0/157], Time 0.102 (0.102), Prec@1 98.438 (98.438), Prec@5 100.000 (100.000)
11/13 07:44 EPOCH: 143 Val: Prec@1 71.890 Prec@5 97.080
11/13 07:44 many acc 74.91, med acc 59.80, few acc 0.00
Best Prec@1: 77.380

Epoch: [144/200][0/194], Time 0.170 (0.170), Loss 0.0282 (0.0282)
11/13 07:44 EPOCH: 144 Train: Time 0.041 (0.044), Loss 0.0203 (0.0496)
Test: [0/157], Time 0.122 (0.122), Prec@1 93.750 (93.750), Prec@5 100.000 (100.000)
11/13 07:44 EPOCH: 144 Val: Prec@1 72.610 Prec@5 96.930
11/13 07:44 many acc 77.56, med acc 52.80, few acc 0.00
Best Prec@1: 77.380

Epoch: [145/200][0/194], Time 0.138 (0.138), Loss 0.0238 (0.0238)
11/13 07:44 EPOCH: 145 Train: Time 0.041 (0.044), Loss 0.0242 (0.0374)
Test: [0/157], Time 0.102 (0.102), Prec@1 96.875 (96.875), Prec@5 100.000 (100.000)
11/13 07:44 EPOCH: 145 Val: Prec@1 75.280 Prec@5 96.920
11/13 07:44 many acc 82.14, med acc 47.85, few acc 0.00
Best Prec@1: 77.380

Epoch: [146/200][0/194], Time 0.133 (0.133), Loss 0.0107 (0.0107)
11/13 07:44 EPOCH: 146 Train: Time 0.041 (0.044), Loss 0.0771 (0.0350)
Test: [0/157], Time 0.111 (0.111), Prec@1 93.750 (93.750), Prec@5 100.000 (100.000)
11/13 07:44 EPOCH: 146 Val: Prec@1 72.790 Prec@5 96.890
11/13 07:44 many acc 77.81, med acc 52.70, few acc 0.00
Best Prec@1: 77.380

Epoch: [147/200][0/194], Time 0.160 (0.160), Loss 0.0473 (0.0473)
11/13 07:45 EPOCH: 147 Train: Time 0.041 (0.044), Loss 0.0288 (0.0365)
Test: [0/157], Time 0.123 (0.123), Prec@1 93.750 (93.750), Prec@5 100.000 (100.000)
11/13 07:45 EPOCH: 147 Val: Prec@1 71.590 Prec@5 96.010
11/13 07:45 many acc 77.16, med acc 49.30, few acc 0.00
Best Prec@1: 77.380

Epoch: [148/200][0/194], Time 0.144 (0.144), Loss 0.0335 (0.0335)
11/13 07:45 EPOCH: 148 Train: Time 0.041 (0.045), Loss 0.0195 (0.0375)
Test: [0/157], Time 0.106 (0.106), Prec@1 98.438 (98.438), Prec@5 100.000 (100.000)
11/13 07:45 EPOCH: 148 Val: Prec@1 68.690 Prec@5 96.500
11/13 07:45 many acc 71.81, med acc 56.20, few acc 0.00
Best Prec@1: 77.380

Epoch: [149/200][0/194], Time 0.131 (0.131), Loss 0.0789 (0.0789)
11/13 07:45 EPOCH: 149 Train: Time 0.041 (0.044), Loss 0.0298 (0.0405)
Test: [0/157], Time 0.122 (0.122), Prec@1 95.312 (95.312), Prec@5 100.000 (100.000)
11/13 07:45 EPOCH: 149 Val: Prec@1 69.430 Prec@5 96.460
11/13 07:45 many acc 75.44, med acc 45.40, few acc 0.00
Best Prec@1: 77.380

Epoch: [150/200][0/194], Time 0.142 (0.142), Loss 0.0356 (0.0356)
11/13 07:45 EPOCH: 150 Train: Time 0.041 (0.044), Loss 0.0180 (0.0320)
Test: [0/157], Time 0.107 (0.107), Prec@1 95.312 (95.312), Prec@5 100.000 (100.000)
11/13 07:45 EPOCH: 150 Val: Prec@1 74.760 Prec@5 97.330
11/13 07:45 many acc 79.72, med acc 54.90, few acc 0.00
Best Prec@1: 77.380

Epoch: [151/200][0/194], Time 0.138 (0.138), Loss 0.0150 (0.0150)
11/13 07:45 EPOCH: 151 Train: Time 0.041 (0.044), Loss 0.0704 (0.0282)
Saved cosine similarity heatmap to: /scratch/hy2611/GLMC/plot/cosine_similarity_heatmap_epoch_150.png
Saved Wi and Hi cosine similarity plot to: /scratch/hy2611/GLMC/plot/Wi_Hi_cosine_similarity_epoch_150.png
11/13 07:46 Loss:0.195, Acc:0.99, NC1:0.388,
Wnorm:[1.704,1.531,1.392,1.237,1.147,1.039,0.957,0.871,0.811,0.742]
Hnorm:[4.534,4.831,5.139,5.087,5.686,6.474,7.453,7.525,7.395,12.426]
Wcos:[-0.174,-0.145,-0.142,-0.114,-0.100,-0.084,-0.076,-0.062,-0.062,-0.048]
Test: [0/157], Time 0.120 (0.120), Prec@1 90.625 (90.625), Prec@5 100.000 (100.000)
11/13 07:46 EPOCH: 151 Val: Prec@1 73.670 Prec@5 96.150
11/13 07:46 many acc 81.56, med acc 42.10, few acc 0.00
Best Prec@1: 77.380

Epoch: [152/200][0/194], Time 0.142 (0.142), Loss 0.0140 (0.0140)
11/13 07:46 EPOCH: 152 Train: Time 0.041 (0.044), Loss 0.0379 (0.0241)
Test: [0/157], Time 0.106 (0.106), Prec@1 93.750 (93.750), Prec@5 100.000 (100.000)
11/13 07:46 EPOCH: 152 Val: Prec@1 75.750 Prec@5 97.060
11/13 07:46 many acc 81.26, med acc 53.70, few acc 0.00
Best Prec@1: 77.380

Epoch: [153/200][0/194], Time 0.133 (0.133), Loss 0.0077 (0.0077)
11/13 07:46 EPOCH: 153 Train: Time 0.041 (0.044), Loss 0.0354 (0.0292)
Test: [0/157], Time 0.111 (0.111), Prec@1 93.750 (93.750), Prec@5 100.000 (100.000)
11/13 07:46 EPOCH: 153 Val: Prec@1 76.270 Prec@5 97.680
11/13 07:46 many acc 80.78, med acc 58.25, few acc 0.00
Best Prec@1: 77.380

Epoch: [154/200][0/194], Time 0.127 (0.127), Loss 0.0386 (0.0386)
11/13 07:46 EPOCH: 154 Train: Time 0.041 (0.044), Loss 0.0708 (0.0243)
Test: [0/157], Time 0.111 (0.111), Prec@1 93.750 (93.750), Prec@5 100.000 (100.000)
11/13 07:46 EPOCH: 154 Val: Prec@1 76.280 Prec@5 97.280
11/13 07:46 many acc 82.14, med acc 52.85, few acc 0.00
Best Prec@1: 77.380

Epoch: [155/200][0/194], Time 0.155 (0.155), Loss 0.0240 (0.0240)
11/13 07:46 EPOCH: 155 Train: Time 0.041 (0.044), Loss 0.0256 (0.0182)
Test: [0/157], Time 0.118 (0.118), Prec@1 96.875 (96.875), Prec@5 100.000 (100.000)
11/13 07:46 EPOCH: 155 Val: Prec@1 73.310 Prec@5 97.270
11/13 07:46 many acc 79.59, med acc 48.20, few acc 0.00
Best Prec@1: 77.380

Epoch: [156/200][0/194], Time 0.137 (0.137), Loss 0.0182 (0.0182)
11/13 07:47 EPOCH: 156 Train: Time 0.041 (0.044), Loss 0.0168 (0.0150)
Test: [0/157], Time 0.107 (0.107), Prec@1 93.750 (93.750), Prec@5 100.000 (100.000)
11/13 07:47 EPOCH: 156 Val: Prec@1 75.090 Prec@5 97.570
11/13 07:47 many acc 82.96, med acc 43.60, few acc 0.00
Best Prec@1: 77.380

Epoch: [157/200][0/194], Time 0.152 (0.152), Loss 0.0345 (0.0345)
11/13 07:47 EPOCH: 157 Train: Time 0.040 (0.044), Loss 0.0345 (0.0182)
Test: [0/157], Time 0.122 (0.122), Prec@1 95.312 (95.312), Prec@5 100.000 (100.000)
11/13 07:47 EPOCH: 157 Val: Prec@1 73.780 Prec@5 97.520
11/13 07:47 many acc 80.30, med acc 47.70, few acc 0.00
Best Prec@1: 77.380

Epoch: [158/200][0/194], Time 0.129 (0.129), Loss 0.0065 (0.0065)
11/13 07:47 EPOCH: 158 Train: Time 0.041 (0.044), Loss 0.0674 (0.0192)
Test: [0/157], Time 0.118 (0.118), Prec@1 90.625 (90.625), Prec@5 100.000 (100.000)
11/13 07:47 EPOCH: 158 Val: Prec@1 70.700 Prec@5 96.590
11/13 07:47 many acc 78.95, med acc 37.70, few acc 0.00
Best Prec@1: 77.380

Epoch: [159/200][0/194], Time 0.135 (0.135), Loss 0.0066 (0.0066)
11/13 07:47 EPOCH: 159 Train: Time 0.041 (0.044), Loss 0.0202 (0.0194)
Test: [0/157], Time 0.120 (0.120), Prec@1 96.875 (96.875), Prec@5 100.000 (100.000)
11/13 07:47 EPOCH: 159 Val: Prec@1 74.970 Prec@5 97.660
11/13 07:47 many acc 80.56, med acc 52.60, few acc 0.00
Best Prec@1: 77.380

Epoch: [160/200][0/194], Time 0.160 (0.160), Loss 0.0080 (0.0080)
11/13 07:47 EPOCH: 160 Train: Time 0.041 (0.044), Loss 0.0109 (0.0143)
Test: [0/157], Time 0.125 (0.125), Prec@1 95.312 (95.312), Prec@5 100.000 (100.000)
11/13 07:48 EPOCH: 160 Val: Prec@1 75.510 Prec@5 97.510
11/13 07:48 many acc 81.79, med acc 50.40, few acc 0.00
Best Prec@1: 77.380

Epoch: [161/200][0/194], Time 0.148 (0.148), Loss 0.0067 (0.0067)
11/13 07:48 EPOCH: 161 Train: Time 0.041 (0.045), Loss 0.0097 (0.0145)
Saved cosine similarity heatmap to: /scratch/hy2611/GLMC/plot/cosine_similarity_heatmap_epoch_160.png
Saved Wi and Hi cosine similarity plot to: /scratch/hy2611/GLMC/plot/Wi_Hi_cosine_similarity_epoch_160.png
11/13 07:48 Loss:0.043, Acc:1.00, NC1:0.103,
Wnorm:[1.689,1.510,1.376,1.222,1.127,1.021,0.938,0.855,0.798,0.729]
Hnorm:[4.797,5.143,5.217,5.570,6.006,6.742,7.761,8.231,10.455,12.437]
Wcos:[-0.175,-0.146,-0.141,-0.114,-0.099,-0.084,-0.075,-0.062,-0.061,-0.047]
Test: [0/157], Time 0.119 (0.119), Prec@1 93.750 (93.750), Prec@5 100.000 (100.000)
11/13 07:48 EPOCH: 161 Val: Prec@1 75.180 Prec@5 97.830
11/13 07:48 many acc 82.55, med acc 45.70, few acc 0.00
Best Prec@1: 77.380

Epoch: [162/200][0/194], Time 0.156 (0.156), Loss 0.0078 (0.0078)
11/13 07:48 EPOCH: 162 Train: Time 0.041 (0.044), Loss 0.0071 (0.0107)
Test: [0/157], Time 0.107 (0.107), Prec@1 95.312 (95.312), Prec@5 100.000 (100.000)
11/13 07:48 EPOCH: 162 Val: Prec@1 76.810 Prec@5 98.050
11/13 07:48 many acc 83.55, med acc 49.85, few acc 0.00
Best Prec@1: 77.380

Epoch: [163/200][0/194], Time 0.134 (0.134), Loss 0.0078 (0.0078)
11/13 07:48 EPOCH: 163 Train: Time 0.041 (0.044), Loss 0.0092 (0.0110)
Test: [0/157], Time 0.117 (0.117), Prec@1 95.312 (95.312), Prec@5 100.000 (100.000)
11/13 07:48 EPOCH: 163 Val: Prec@1 75.480 Prec@5 97.620
11/13 07:48 many acc 82.16, med acc 48.75, few acc 0.00
Best Prec@1: 77.380

Epoch: [164/200][0/194], Time 0.130 (0.130), Loss 0.0111 (0.0111)
11/13 07:48 EPOCH: 164 Train: Time 0.041 (0.044), Loss 0.0118 (0.0107)
Test: [0/157], Time 0.119 (0.119), Prec@1 95.312 (95.312), Prec@5 100.000 (100.000)
11/13 07:49 EPOCH: 164 Val: Prec@1 76.060 Prec@5 97.820
11/13 07:49 many acc 82.71, med acc 49.45, few acc 0.00
Best Prec@1: 77.380

Epoch: [165/200][0/194], Time 0.150 (0.150), Loss 0.0088 (0.0088)
11/13 07:49 EPOCH: 165 Train: Time 0.041 (0.044), Loss 0.0089 (0.0130)
Test: [0/157], Time 0.122 (0.122), Prec@1 93.750 (93.750), Prec@5 100.000 (100.000)
11/13 07:49 EPOCH: 165 Val: Prec@1 75.320 Prec@5 97.560
11/13 07:49 many acc 81.29, med acc 51.45, few acc 0.00
Best Prec@1: 77.380

Epoch: [166/200][0/194], Time 0.139 (0.139), Loss 0.0087 (0.0087)
11/13 07:49 EPOCH: 166 Train: Time 0.041 (0.044), Loss 0.0099 (0.0121)
Test: [0/157], Time 0.099 (0.099), Prec@1 95.312 (95.312), Prec@5 100.000 (100.000)
11/13 07:49 EPOCH: 166 Val: Prec@1 76.250 Prec@5 97.670
11/13 07:49 many acc 82.65, med acc 50.65, few acc 0.00
Best Prec@1: 77.380

Epoch: [167/200][0/194], Time 0.145 (0.145), Loss 0.0059 (0.0059)
11/13 07:49 EPOCH: 167 Train: Time 0.041 (0.044), Loss 0.0064 (0.0126)
Test: [0/157], Time 0.112 (0.112), Prec@1 96.875 (96.875), Prec@5 100.000 (100.000)
11/13 07:49 EPOCH: 167 Val: Prec@1 77.190 Prec@5 97.970
11/13 07:49 many acc 82.36, med acc 56.50, few acc 0.00
Best Prec@1: 77.380

Epoch: [168/200][0/194], Time 0.138 (0.138), Loss 0.0078 (0.0078)
11/13 07:49 EPOCH: 168 Train: Time 0.041 (0.044), Loss 0.0082 (0.0109)
Test: [0/157], Time 0.114 (0.114), Prec@1 95.312 (95.312), Prec@5 100.000 (100.000)
11/13 07:49 EPOCH: 168 Val: Prec@1 77.640 Prec@5 97.950
11/13 07:49 many acc 83.59, med acc 53.85, few acc 0.00
Best Prec@1: 77.640

Epoch: [169/200][0/194], Time 0.135 (0.135), Loss 0.0092 (0.0092)
11/13 07:50 EPOCH: 169 Train: Time 0.041 (0.044), Loss 0.0109 (0.0096)
Test: [0/157], Time 0.115 (0.115), Prec@1 96.875 (96.875), Prec@5 100.000 (100.000)
11/13 07:50 EPOCH: 169 Val: Prec@1 76.060 Prec@5 97.910
11/13 07:50 many acc 82.57, med acc 50.00, few acc 0.00
Best Prec@1: 77.640

Epoch: [170/200][0/194], Time 0.145 (0.145), Loss 0.0103 (0.0103)
11/13 07:50 EPOCH: 170 Train: Time 0.041 (0.044), Loss 0.0174 (0.0096)
Test: [0/157], Time 0.118 (0.118), Prec@1 95.312 (95.312), Prec@5 100.000 (100.000)
11/13 07:50 EPOCH: 170 Val: Prec@1 78.190 Prec@5 98.150
11/13 07:50 many acc 84.09, med acc 54.60, few acc 0.00
Best Prec@1: 78.190

Epoch: [171/200][0/194], Time 0.148 (0.148), Loss 0.0122 (0.0122)
11/13 07:50 EPOCH: 171 Train: Time 0.041 (0.044), Loss 0.0130 (0.0094)
Saved cosine similarity heatmap to: /scratch/hy2611/GLMC/plot/cosine_similarity_heatmap_epoch_170.png
Saved Wi and Hi cosine similarity plot to: /scratch/hy2611/GLMC/plot/Wi_Hi_cosine_similarity_epoch_170.png
11/13 07:50 Loss:0.037, Acc:1.00, NC1:0.051,
Wnorm:[1.676,1.492,1.360,1.207,1.108,1.004,0.922,0.843,0.786,0.720]
Hnorm:[4.855,5.087,5.444,5.795,6.182,6.784,7.393,8.324,10.150,13.394]
Wcos:[-0.176,-0.146,-0.141,-0.113,-0.099,-0.083,-0.074,-0.061,-0.060,-0.047]
Test: [0/157], Time 0.106 (0.106), Prec@1 96.875 (96.875), Prec@5 100.000 (100.000)
11/13 07:50 EPOCH: 171 Val: Prec@1 76.380 Prec@5 97.870
11/13 07:50 many acc 82.75, med acc 50.90, few acc 0.00
Best Prec@1: 78.190

Epoch: [172/200][0/194], Time 0.152 (0.152), Loss 0.0078 (0.0078)
11/13 07:50 EPOCH: 172 Train: Time 0.041 (0.044), Loss 0.0080 (0.0098)
Test: [0/157], Time 0.122 (0.122), Prec@1 98.438 (98.438), Prec@5 100.000 (100.000)
11/13 07:50 EPOCH: 172 Val: Prec@1 76.390 Prec@5 97.960
11/13 07:50 many acc 82.90, med acc 50.35, few acc 0.00
Best Prec@1: 78.190

Epoch: [173/200][0/194], Time 0.141 (0.141), Loss 0.0056 (0.0056)
11/13 07:51 EPOCH: 173 Train: Time 0.041 (0.044), Loss 0.0082 (0.0100)
Test: [0/157], Time 0.107 (0.107), Prec@1 96.875 (96.875), Prec@5 100.000 (100.000)
11/13 07:51 EPOCH: 173 Val: Prec@1 76.020 Prec@5 97.860
11/13 07:51 many acc 83.30, med acc 46.90, few acc 0.00
Best Prec@1: 78.190

Epoch: [174/200][0/194], Time 0.138 (0.138), Loss 0.0090 (0.0090)
11/13 07:51 EPOCH: 174 Train: Time 0.041 (0.044), Loss 0.0114 (0.0096)
Test: [0/157], Time 0.112 (0.112), Prec@1 96.875 (96.875), Prec@5 100.000 (100.000)
11/13 07:51 EPOCH: 174 Val: Prec@1 76.620 Prec@5 97.850
11/13 07:51 many acc 83.19, med acc 50.35, few acc 0.00
Best Prec@1: 78.190

Epoch: [175/200][0/194], Time 0.129 (0.129), Loss 0.0091 (0.0091)
11/13 07:51 EPOCH: 175 Train: Time 0.041 (0.044), Loss 0.0065 (0.0103)
Test: [0/157], Time 0.112 (0.112), Prec@1 95.312 (95.312), Prec@5 100.000 (100.000)
11/13 07:51 EPOCH: 175 Val: Prec@1 77.560 Prec@5 97.910
11/13 07:51 many acc 82.90, med acc 56.20, few acc 0.00
Best Prec@1: 78.190

Epoch: [176/200][0/194], Time 0.145 (0.145), Loss 0.0147 (0.0147)
11/13 07:51 EPOCH: 176 Train: Time 0.041 (0.044), Loss 0.0072 (0.0096)
Test: [0/157], Time 0.116 (0.116), Prec@1 96.875 (96.875), Prec@5 100.000 (100.000)
11/13 07:51 EPOCH: 176 Val: Prec@1 77.410 Prec@5 98.040
11/13 07:51 many acc 83.46, med acc 53.20, few acc 0.00
Best Prec@1: 78.190

Epoch: [177/200][0/194], Time 0.153 (0.153), Loss 0.0078 (0.0078)
11/13 07:51 EPOCH: 177 Train: Time 0.041 (0.044), Loss 0.0054 (0.0091)
Test: [0/157], Time 0.102 (0.102), Prec@1 96.875 (96.875), Prec@5 100.000 (100.000)
11/13 07:51 EPOCH: 177 Val: Prec@1 77.380 Prec@5 98.190
11/13 07:51 many acc 84.01, med acc 50.85, few acc 0.00
Best Prec@1: 78.190

Epoch: [178/200][0/194], Time 0.161 (0.161), Loss 0.0054 (0.0054)
11/13 07:52 EPOCH: 178 Train: Time 0.041 (0.044), Loss 0.0111 (0.0095)
Test: [0/157], Time 0.120 (0.120), Prec@1 96.875 (96.875), Prec@5 100.000 (100.000)
11/13 07:52 EPOCH: 178 Val: Prec@1 77.460 Prec@5 98.030
11/13 07:52 many acc 83.91, med acc 51.65, few acc 0.00
Best Prec@1: 78.190

Epoch: [179/200][0/194], Time 0.143 (0.143), Loss 0.0070 (0.0070)
11/13 07:52 EPOCH: 179 Train: Time 0.041 (0.044), Loss 0.0086 (0.0093)
Test: [0/157], Time 0.112 (0.112), Prec@1 96.875 (96.875), Prec@5 100.000 (100.000)
11/13 07:52 EPOCH: 179 Val: Prec@1 77.870 Prec@5 98.080
11/13 07:52 many acc 83.68, med acc 54.65, few acc 0.00
Best Prec@1: 78.190

Epoch: [180/200][0/194], Time 0.146 (0.146), Loss 0.0095 (0.0095)
11/13 07:52 EPOCH: 180 Train: Time 0.041 (0.044), Loss 0.0148 (0.0090)
Test: [0/157], Time 0.114 (0.114), Prec@1 96.875 (96.875), Prec@5 100.000 (100.000)
11/13 07:52 EPOCH: 180 Val: Prec@1 77.980 Prec@5 98.010
11/13 07:52 many acc 83.97, med acc 54.00, few acc 0.00
Best Prec@1: 78.190

Epoch: [181/200][0/194], Time 0.161 (0.161), Loss 0.0061 (0.0061)
11/13 07:52 EPOCH: 181 Train: Time 0.041 (0.044), Loss 0.0064 (0.0093)
Saved cosine similarity heatmap to: /scratch/hy2611/GLMC/plot/cosine_similarity_heatmap_epoch_180.png
Saved Wi and Hi cosine similarity plot to: /scratch/hy2611/GLMC/plot/Wi_Hi_cosine_similarity_epoch_180.png
11/13 07:52 Loss:0.035, Acc:1.00, NC1:0.042,
Wnorm:[1.668,1.483,1.352,1.198,1.099,0.996,0.914,0.836,0.780,0.714]
Hnorm:[4.843,5.187,5.480,5.758,6.208,7.041,7.959,8.446,11.777,12.305]
Wcos:[-0.177,-0.147,-0.141,-0.113,-0.098,-0.083,-0.074,-0.061,-0.060,-0.046]
Test: [0/157], Time 0.122 (0.122), Prec@1 96.875 (96.875), Prec@5 100.000 (100.000)
11/13 07:52 EPOCH: 181 Val: Prec@1 77.310 Prec@5 98.050
11/13 07:52 many acc 83.44, med acc 52.80, few acc 0.00
Best Prec@1: 78.190

Epoch: [182/200][0/194], Time 0.146 (0.146), Loss 0.0158 (0.0158)
11/13 07:53 EPOCH: 182 Train: Time 0.041 (0.045), Loss 0.0080 (0.0088)
Test: [0/157], Time 0.121 (0.121), Prec@1 96.875 (96.875), Prec@5 100.000 (100.000)
11/13 07:53 EPOCH: 182 Val: Prec@1 77.710 Prec@5 98.070
11/13 07:53 many acc 83.55, med acc 54.35, few acc 0.00
Best Prec@1: 78.190

Epoch: [183/200][0/194], Time 0.146 (0.146), Loss 0.0098 (0.0098)
11/13 07:53 EPOCH: 183 Train: Time 0.041 (0.044), Loss 0.0093 (0.0094)
Test: [0/157], Time 0.121 (0.121), Prec@1 96.875 (96.875), Prec@5 100.000 (100.000)
11/13 07:53 EPOCH: 183 Val: Prec@1 76.630 Prec@5 97.820
11/13 07:53 many acc 83.32, med acc 49.85, few acc 0.00
Best Prec@1: 78.190

Epoch: [184/200][0/194], Time 0.144 (0.144), Loss 0.0069 (0.0069)
11/13 07:53 EPOCH: 184 Train: Time 0.041 (0.044), Loss 0.0117 (0.0092)
Test: [0/157], Time 0.120 (0.120), Prec@1 96.875 (96.875), Prec@5 100.000 (100.000)
11/13 07:53 EPOCH: 184 Val: Prec@1 78.090 Prec@5 98.110
11/13 07:53 many acc 83.94, med acc 54.70, few acc 0.00
Best Prec@1: 78.190

Epoch: [185/200][0/194], Time 0.139 (0.139), Loss 0.0069 (0.0069)
11/13 07:53 EPOCH: 185 Train: Time 0.041 (0.044), Loss 0.0067 (0.0091)
Test: [0/157], Time 0.111 (0.111), Prec@1 96.875 (96.875), Prec@5 100.000 (100.000)
11/13 07:53 EPOCH: 185 Val: Prec@1 77.430 Prec@5 98.050
11/13 07:53 many acc 83.24, med acc 54.20, few acc 0.00
Best Prec@1: 78.190

Epoch: [186/200][0/194], Time 0.152 (0.152), Loss 0.0061 (0.0061)
11/13 07:53 EPOCH: 186 Train: Time 0.041 (0.044), Loss 0.0063 (0.0090)
Test: [0/157], Time 0.123 (0.123), Prec@1 96.875 (96.875), Prec@5 100.000 (100.000)
11/13 07:54 EPOCH: 186 Val: Prec@1 76.370 Prec@5 97.900
11/13 07:54 many acc 83.21, med acc 49.00, few acc 0.00
Best Prec@1: 78.190

Epoch: [187/200][0/194], Time 0.161 (0.161), Loss 0.0089 (0.0089)
11/13 07:54 EPOCH: 187 Train: Time 0.041 (0.044), Loss 0.0076 (0.0091)
Test: [0/157], Time 0.118 (0.118), Prec@1 95.312 (95.312), Prec@5 100.000 (100.000)
11/13 07:54 EPOCH: 187 Val: Prec@1 78.260 Prec@5 98.140
11/13 07:54 many acc 83.97, med acc 55.40, few acc 0.00
Best Prec@1: 78.260

Epoch: [188/200][0/194], Time 0.153 (0.153), Loss 0.0060 (0.0060)
11/13 07:54 EPOCH: 188 Train: Time 0.041 (0.044), Loss 0.0054 (0.0092)
Test: [0/157], Time 0.108 (0.108), Prec@1 96.875 (96.875), Prec@5 100.000 (100.000)
11/13 07:54 EPOCH: 188 Val: Prec@1 77.220 Prec@5 97.910
11/13 07:54 many acc 83.15, med acc 53.50, few acc 0.00
Best Prec@1: 78.260

Epoch: [189/200][0/194], Time 0.142 (0.142), Loss 0.0056 (0.0056)
11/13 07:54 EPOCH: 189 Train: Time 0.041 (0.044), Loss 0.0077 (0.0089)
Test: [0/157], Time 0.111 (0.111), Prec@1 96.875 (96.875), Prec@5 100.000 (100.000)
11/13 07:54 EPOCH: 189 Val: Prec@1 77.900 Prec@5 98.080
11/13 07:54 many acc 84.10, med acc 53.10, few acc 0.00
Best Prec@1: 78.260

Epoch: [190/200][0/194], Time 0.152 (0.152), Loss 0.0084 (0.0084)
11/13 07:54 EPOCH: 190 Train: Time 0.041 (0.044), Loss 0.0064 (0.0094)
Test: [0/157], Time 0.117 (0.117), Prec@1 96.875 (96.875), Prec@5 100.000 (100.000)
11/13 07:54 EPOCH: 190 Val: Prec@1 75.850 Prec@5 97.820
11/13 07:54 many acc 82.74, med acc 48.30, few acc 0.00
Best Prec@1: 78.260

Epoch: [191/200][0/194], Time 0.161 (0.161), Loss 0.0101 (0.0101)
11/13 07:55 EPOCH: 191 Train: Time 0.041 (0.044), Loss 0.0084 (0.0091)
Saved cosine similarity heatmap to: /scratch/hy2611/GLMC/plot/cosine_similarity_heatmap_epoch_190.png
Saved Wi and Hi cosine similarity plot to: /scratch/hy2611/GLMC/plot/Wi_Hi_cosine_similarity_epoch_190.png
11/13 07:55 Loss:0.035, Acc:1.00, NC1:0.038,
Wnorm:[1.665,1.480,1.349,1.195,1.096,0.993,0.911,0.833,0.778,0.712]
Hnorm:[4.749,5.196,5.421,5.749,6.169,6.999,7.533,8.194,11.529,11.133]
Wcos:[-0.177,-0.147,-0.141,-0.113,-0.098,-0.083,-0.074,-0.061,-0.060,-0.046]
Test: [0/157], Time 0.112 (0.112), Prec@1 96.875 (96.875), Prec@5 100.000 (100.000)
11/13 07:55 EPOCH: 191 Val: Prec@1 76.610 Prec@5 97.740
11/13 07:55 many acc 83.20, med acc 50.25, few acc 0.00
Best Prec@1: 78.260

Epoch: [192/200][0/194], Time 0.158 (0.158), Loss 0.0113 (0.0113)
11/13 07:55 EPOCH: 192 Train: Time 0.041 (0.044), Loss 0.0075 (0.0085)
Test: [0/157], Time 0.106 (0.106), Prec@1 96.875 (96.875), Prec@5 100.000 (100.000)
11/13 07:55 EPOCH: 192 Val: Prec@1 77.010 Prec@5 98.020
11/13 07:55 many acc 83.38, med acc 51.55, few acc 0.00
Best Prec@1: 78.260

Epoch: [193/200][0/194], Time 0.150 (0.150), Loss 0.0100 (0.0100)
11/13 07:55 EPOCH: 193 Train: Time 0.041 (0.044), Loss 0.0047 (0.0090)
Test: [0/157], Time 0.128 (0.128), Prec@1 96.875 (96.875), Prec@5 100.000 (100.000)
11/13 07:55 EPOCH: 193 Val: Prec@1 77.580 Prec@5 98.000
11/13 07:55 many acc 83.53, med acc 53.80, few acc 0.00
Best Prec@1: 78.260

Epoch: [194/200][0/194], Time 0.154 (0.154), Loss 0.0133 (0.0133)
11/13 07:55 EPOCH: 194 Train: Time 0.041 (0.044), Loss 0.0156 (0.0093)
Test: [0/157], Time 0.118 (0.118), Prec@1 96.875 (96.875), Prec@5 100.000 (100.000)
11/13 07:55 EPOCH: 194 Val: Prec@1 76.110 Prec@5 97.820
11/13 07:55 many acc 83.19, med acc 47.80, few acc 0.00
Best Prec@1: 78.260

Epoch: [195/200][0/194], Time 0.140 (0.140), Loss 0.0103 (0.0103)
11/13 07:56 EPOCH: 195 Train: Time 0.041 (0.044), Loss 0.0137 (0.0090)
Test: [0/157], Time 0.117 (0.117), Prec@1 96.875 (96.875), Prec@5 100.000 (100.000)
11/13 07:56 EPOCH: 195 Val: Prec@1 77.710 Prec@5 98.150
11/13 07:56 many acc 83.82, med acc 53.25, few acc 0.00
Best Prec@1: 78.260

Epoch: [196/200][0/194], Time 0.153 (0.153), Loss 0.0057 (0.0057)
11/13 07:56 EPOCH: 196 Train: Time 0.041 (0.044), Loss 0.0070 (0.0089)
Test: [0/157], Time 0.120 (0.120), Prec@1 96.875 (96.875), Prec@5 100.000 (100.000)
11/13 07:56 EPOCH: 196 Val: Prec@1 77.290 Prec@5 98.000
11/13 07:56 many acc 83.67, med acc 51.75, few acc 0.00
Best Prec@1: 78.260

Epoch: [197/200][0/194], Time 0.138 (0.138), Loss 0.0158 (0.0158)
11/13 07:56 EPOCH: 197 Train: Time 0.041 (0.044), Loss 0.0148 (0.0095)
Test: [0/157], Time 0.119 (0.119), Prec@1 96.875 (96.875), Prec@5 100.000 (100.000)
11/13 07:56 EPOCH: 197 Val: Prec@1 76.460 Prec@5 97.860
11/13 07:56 many acc 82.89, med acc 50.75, few acc 0.00
Best Prec@1: 78.260

Epoch: [198/200][0/194], Time 0.141 (0.141), Loss 0.0068 (0.0068)
11/13 07:56 EPOCH: 198 Train: Time 0.041 (0.044), Loss 0.0285 (0.0089)
Test: [0/157], Time 0.106 (0.106), Prec@1 96.875 (96.875), Prec@5 100.000 (100.000)
11/13 07:56 EPOCH: 198 Val: Prec@1 78.270 Prec@5 98.200
11/13 07:56 many acc 84.04, med acc 55.20, few acc 0.00
Best Prec@1: 78.270

Epoch: [199/200][0/194], Time 0.161 (0.161), Loss 0.0076 (0.0076)
11/13 07:56 EPOCH: 199 Train: Time 0.041 (0.045), Loss 0.0071 (0.0090)
Test: [0/157], Time 0.112 (0.112), Prec@1 96.875 (96.875), Prec@5 100.000 (100.000)
11/13 07:56 EPOCH: 199 Val: Prec@1 77.090 Prec@5 97.820
11/13 07:56 many acc 83.61, med acc 51.00, few acc 0.00
Best Prec@1: 78.270

Epoch: [200/200][0/194], Time 0.160 (0.160), Loss 0.0103 (0.0103)
11/13 07:57 EPOCH: 200 Train: Time 0.041 (0.044), Loss 0.0080 (0.0089)
Test: [0/157], Time 0.112 (0.112), Prec@1 96.875 (96.875), Prec@5 100.000 (100.000)
11/13 07:57 EPOCH: 200 Val: Prec@1 77.190 Prec@5 97.980
11/13 07:57 many acc 83.67, med acc 51.25, few acc 0.00
Best Prec@1: 78.270

It took 0:45:58.60 to execute the program
