Namespace(dataset='cifar10', root='../dataset/', arch='resnet32', num_classes=10, imbanlance_rate=0.01, lr=0.01, epochs=200, batch_size=64, momentum=0.9, weight_decay=0.005, resample_weighting=0.0, label_weighting=1.2, contrast_weight=4, beta=0.5, loss='vs', eps=0.05, seed=3407, print_freq=1000, gpu=0, workers=4, resume=None, start_epoch=0, root_log='./output/', root_model='./output/', store_name='cifar10_resnet32/0.01/name_2023-11-15', debug=10, knn=False)
Use GPU: 0 for training
=> creating model 'resnet32'
  + Number of params: 7.44M
Files already downloaded and verified
imbanlance_ration is 100.0
per class num: [5000, 2997, 1796, 1077, 645, 387, 232, 139, 83, 50]
Files already downloaded and verified
load cifar10
Training started!
Epoch: [1/200][0/194], Time 10.556 (10.556), Loss 4.7086 (4.7086)
11/15 07:42 EPOCH: 1 Train: Time 0.378 (0.099), Loss 2.1289 (2.4070)
Saved cosine similarity heatmap to: /scratch/hy2611/GLMC/VS_plot/cosine_similarity_heatmap_epoch_0.png
Saved Wi and Hi cosine similarity plot to: /scratch/hy2611/GLMC/VS_plot/Wi_Hi_cosine_similarity_epoch_0.png
11/15 07:42 Loss:69.200, Acc:0.02, NC1:6595.695,
Wnorm:[0.902,1.076,1.209,1.274,1.267,1.217,1.366,1.257,1.465,1.286]
Hnorm:[6.871,3.863,2.222,2.215,3.182,2.593,3.664,2.025,4.379,2.682]
Wcos:[0.057,0.032,0.024,0.031,0.007,0.018,0.054,-0.016,-0.018,-0.044]
Test: [0/157], Time 0.283 (0.283), Prec@1 0.000 (0.000), Prec@5 0.000 (0.000)
11/15 07:42 EPOCH: 1 Val: Prec@1 19.120 Prec@5 67.180
11/15 07:42 many acc 8.80, med acc 60.40, few acc 0.00
Best Prec@1: 19.120

Epoch: [2/200][0/194], Time 0.158 (0.158), Loss 2.4952 (2.4952)
11/15 07:42 EPOCH: 2 Train: Time 0.041 (0.044), Loss 2.0997 (1.9316)
Test: [0/157], Time 0.104 (0.104), Prec@1 0.000 (0.000), Prec@5 75.000 (75.000)
11/15 07:42 EPOCH: 2 Val: Prec@1 22.870 Prec@5 75.670
11/15 07:42 many acc 11.54, med acc 68.20, few acc 0.00
Best Prec@1: 22.870

Epoch: [3/200][0/194], Time 0.150 (0.150), Loss 2.0159 (2.0159)
11/15 07:43 EPOCH: 3 Train: Time 0.041 (0.044), Loss 2.0327 (1.8257)
Test: [0/157], Time 0.104 (0.104), Prec@1 0.000 (0.000), Prec@5 85.938 (85.938)
11/15 07:43 EPOCH: 3 Val: Prec@1 25.940 Prec@5 83.340
11/15 07:43 many acc 13.41, med acc 76.05, few acc 0.00
Best Prec@1: 25.940

Epoch: [4/200][0/194], Time 0.128 (0.128), Loss 1.8378 (1.8378)
11/15 07:43 EPOCH: 4 Train: Time 0.041 (0.044), Loss 1.3602 (1.7378)
Test: [0/157], Time 0.103 (0.103), Prec@1 0.000 (0.000), Prec@5 89.062 (89.062)
11/15 07:43 EPOCH: 4 Val: Prec@1 24.330 Prec@5 82.760
11/15 07:43 many acc 10.89, med acc 78.10, few acc 0.00
Best Prec@1: 25.940

Epoch: [5/200][0/194], Time 0.128 (0.128), Loss 2.1165 (2.1165)
11/15 07:43 EPOCH: 5 Train: Time 0.041 (0.044), Loss 1.3640 (1.6686)
Test: [0/157], Time 0.097 (0.097), Prec@1 0.000 (0.000), Prec@5 89.062 (89.062)
11/15 07:43 EPOCH: 5 Val: Prec@1 27.920 Prec@5 85.060
11/15 07:43 many acc 16.75, med acc 72.60, few acc 0.00
Best Prec@1: 27.920

Epoch: [6/200][0/194], Time 0.135 (0.135), Loss 1.3768 (1.3768)
11/15 07:43 EPOCH: 6 Train: Time 0.041 (0.044), Loss 1.7106 (1.6167)
Test: [0/157], Time 0.115 (0.115), Prec@1 0.000 (0.000), Prec@5 84.375 (84.375)
11/15 07:43 EPOCH: 6 Val: Prec@1 27.090 Prec@5 86.330
11/15 07:43 many acc 14.49, med acc 77.50, few acc 0.00
Best Prec@1: 27.920

Epoch: [7/200][0/194], Time 0.129 (0.129), Loss 1.5066 (1.5066)
11/15 07:43 EPOCH: 7 Train: Time 0.041 (0.044), Loss 1.5735 (1.5806)
Test: [0/157], Time 0.110 (0.110), Prec@1 0.000 (0.000), Prec@5 87.500 (87.500)
11/15 07:43 EPOCH: 7 Val: Prec@1 28.080 Prec@5 89.020
11/15 07:43 many acc 16.31, med acc 75.15, few acc 0.00
Best Prec@1: 28.080

Epoch: [8/200][0/194], Time 0.137 (0.137), Loss 1.7556 (1.7556)
11/15 07:44 EPOCH: 8 Train: Time 0.041 (0.044), Loss 1.5455 (1.5468)
Test: [0/157], Time 0.103 (0.103), Prec@1 0.000 (0.000), Prec@5 82.812 (82.812)
11/15 07:44 EPOCH: 8 Val: Prec@1 29.920 Prec@5 85.710
11/15 07:44 many acc 18.25, med acc 76.60, few acc 0.00
Best Prec@1: 29.920

Epoch: [9/200][0/194], Time 0.133 (0.133), Loss 1.2931 (1.2931)
11/15 07:44 EPOCH: 9 Train: Time 0.041 (0.044), Loss 1.0092 (1.5090)
Test: [0/157], Time 0.099 (0.099), Prec@1 0.000 (0.000), Prec@5 85.938 (85.938)
11/15 07:44 EPOCH: 9 Val: Prec@1 31.850 Prec@5 87.500
11/15 07:44 many acc 18.54, med acc 85.10, few acc 0.00
Best Prec@1: 31.850

Epoch: [10/200][0/194], Time 0.137 (0.137), Loss 1.5108 (1.5108)
11/15 07:44 EPOCH: 10 Train: Time 0.041 (0.044), Loss 1.5645 (1.4515)
Test: [0/157], Time 0.115 (0.115), Prec@1 0.000 (0.000), Prec@5 82.812 (82.812)
11/15 07:44 EPOCH: 10 Val: Prec@1 31.450 Prec@5 87.010
11/15 07:44 many acc 18.70, med acc 82.45, few acc 0.00
Best Prec@1: 31.850

Epoch: [11/200][0/194], Time 0.129 (0.129), Loss 1.7885 (1.7885)
11/15 07:44 EPOCH: 11 Train: Time 0.041 (0.044), Loss 1.2890 (1.3851)
Saved cosine similarity heatmap to: /scratch/hy2611/GLMC/VS_plot/cosine_similarity_heatmap_epoch_10.png
Saved Wi and Hi cosine similarity plot to: /scratch/hy2611/GLMC/VS_plot/Wi_Hi_cosine_similarity_epoch_10.png
11/15 07:44 Loss:68.543, Acc:0.04, NC1:135.029,
Wnorm:[1.033,1.199,1.006,0.959,1.047,1.289,1.399,1.387,1.732,1.620]
Hnorm:[4.483,6.726,3.369,3.466,3.503,4.433,5.470,4.324,5.819,6.781]
Wcos:[-0.032,-0.099,0.037,0.013,0.025,0.020,-0.043,-0.030,-0.147,-0.279]
Test: [0/157], Time 0.110 (0.110), Prec@1 0.000 (0.000), Prec@5 90.625 (90.625)
11/15 07:44 EPOCH: 11 Val: Prec@1 31.050 Prec@5 88.680
11/15 07:44 many acc 19.90, med acc 75.65, few acc 0.00
Best Prec@1: 31.850

Epoch: [12/200][0/194], Time 0.130 (0.130), Loss 1.2780 (1.2780)
11/15 07:45 EPOCH: 12 Train: Time 0.041 (0.044), Loss 1.4528 (1.3555)
Test: [0/157], Time 0.116 (0.116), Prec@1 0.000 (0.000), Prec@5 92.188 (92.188)
11/15 07:45 EPOCH: 12 Val: Prec@1 30.290 Prec@5 88.880
11/15 07:45 many acc 17.01, med acc 83.40, few acc 0.00
Best Prec@1: 31.850

Epoch: [13/200][0/194], Time 0.129 (0.129), Loss 1.1128 (1.1128)
11/15 07:45 EPOCH: 13 Train: Time 0.041 (0.044), Loss 1.2435 (1.2898)
Test: [0/157], Time 0.101 (0.101), Prec@1 0.000 (0.000), Prec@5 79.688 (79.688)
11/15 07:45 EPOCH: 13 Val: Prec@1 31.640 Prec@5 89.960
11/15 07:45 many acc 20.30, med acc 77.00, few acc 0.00
Best Prec@1: 31.850

Epoch: [14/200][0/194], Time 0.152 (0.152), Loss 1.1574 (1.1574)
11/15 07:45 EPOCH: 14 Train: Time 0.041 (0.044), Loss 1.5903 (1.2854)
Test: [0/157], Time 0.105 (0.105), Prec@1 0.000 (0.000), Prec@5 79.688 (79.688)
11/15 07:45 EPOCH: 14 Val: Prec@1 37.480 Prec@5 88.310
11/15 07:45 many acc 25.75, med acc 84.40, few acc 0.00
Best Prec@1: 37.480

Epoch: [15/200][0/194], Time 0.130 (0.130), Loss 1.3399 (1.3399)
11/15 07:45 EPOCH: 15 Train: Time 0.041 (0.044), Loss 1.1072 (1.1950)
Test: [0/157], Time 0.105 (0.105), Prec@1 0.000 (0.000), Prec@5 81.250 (81.250)
11/15 07:45 EPOCH: 15 Val: Prec@1 38.740 Prec@5 89.010
11/15 07:45 many acc 29.74, med acc 74.75, few acc 0.00
Best Prec@1: 38.740

Epoch: [16/200][0/194], Time 0.155 (0.155), Loss 1.0452 (1.0452)
11/15 07:45 EPOCH: 16 Train: Time 0.041 (0.044), Loss 1.4284 (1.2016)
Test: [0/157], Time 0.116 (0.116), Prec@1 0.000 (0.000), Prec@5 85.938 (85.938)
11/15 07:45 EPOCH: 16 Val: Prec@1 32.770 Prec@5 88.800
11/15 07:45 many acc 21.02, med acc 79.75, few acc 0.00
Best Prec@1: 38.740

Epoch: [17/200][0/194], Time 0.130 (0.130), Loss 0.9674 (0.9674)
11/15 07:46 EPOCH: 17 Train: Time 0.041 (0.044), Loss 1.2565 (1.1790)
Test: [0/157], Time 0.111 (0.111), Prec@1 0.000 (0.000), Prec@5 85.938 (85.938)
11/15 07:46 EPOCH: 17 Val: Prec@1 36.510 Prec@5 89.770
11/15 07:46 many acc 23.82, med acc 87.25, few acc 0.00
Best Prec@1: 38.740

Epoch: [18/200][0/194], Time 0.135 (0.135), Loss 0.8861 (0.8861)
11/15 07:46 EPOCH: 18 Train: Time 0.041 (0.044), Loss 1.2579 (1.1242)
Test: [0/157], Time 0.108 (0.108), Prec@1 0.000 (0.000), Prec@5 93.750 (93.750)
11/15 07:46 EPOCH: 18 Val: Prec@1 36.120 Prec@5 92.290
11/15 07:46 many acc 24.36, med acc 83.15, few acc 0.00
Best Prec@1: 38.740

Epoch: [19/200][0/194], Time 0.128 (0.128), Loss 1.0582 (1.0582)
11/15 07:46 EPOCH: 19 Train: Time 0.041 (0.044), Loss 1.6379 (1.1191)
Test: [0/157], Time 0.097 (0.097), Prec@1 0.000 (0.000), Prec@5 81.250 (81.250)
11/15 07:46 EPOCH: 19 Val: Prec@1 17.780 Prec@5 81.290
11/15 07:46 many acc 1.93, med acc 81.20, few acc 0.00
Best Prec@1: 38.740

Epoch: [20/200][0/194], Time 0.125 (0.125), Loss 1.1631 (1.1631)
11/15 07:46 EPOCH: 20 Train: Time 0.041 (0.044), Loss 1.5147 (1.0974)
Test: [0/157], Time 0.111 (0.111), Prec@1 0.000 (0.000), Prec@5 81.250 (81.250)
11/15 07:46 EPOCH: 20 Val: Prec@1 36.540 Prec@5 90.410
11/15 07:46 many acc 23.21, med acc 89.85, few acc 0.00
Best Prec@1: 38.740

Epoch: [21/200][0/194], Time 0.148 (0.148), Loss 0.9797 (0.9797)
11/15 07:46 EPOCH: 21 Train: Time 0.041 (0.044), Loss 1.1521 (1.0884)
Saved cosine similarity heatmap to: /scratch/hy2611/GLMC/VS_plot/cosine_similarity_heatmap_epoch_20.png
Saved Wi and Hi cosine similarity plot to: /scratch/hy2611/GLMC/VS_plot/Wi_Hi_cosine_similarity_epoch_20.png
11/15 07:47 Loss:61.218, Acc:0.04, NC1:26.619,
Wnorm:[1.365,1.675,1.279,1.145,1.356,1.555,1.597,1.645,1.976,1.817]
Hnorm:[3.954,4.429,3.297,2.433,3.159,4.361,5.218,6.877,7.731,7.601]
Wcos:[-0.036,-0.091,0.013,-0.005,-0.018,0.000,-0.039,-0.065,-0.186,-0.266]
Test: [0/157], Time 0.108 (0.108), Prec@1 0.000 (0.000), Prec@5 85.938 (85.938)
11/15 07:47 EPOCH: 21 Val: Prec@1 32.160 Prec@5 90.030
11/15 07:47 many acc 18.38, med acc 87.30, few acc 0.00
Best Prec@1: 38.740

Epoch: [22/200][0/194], Time 0.137 (0.137), Loss 1.0476 (1.0476)
11/15 07:47 EPOCH: 22 Train: Time 0.041 (0.044), Loss 0.9963 (1.1016)
Test: [0/157], Time 0.106 (0.106), Prec@1 0.000 (0.000), Prec@5 85.938 (85.938)
11/15 07:47 EPOCH: 22 Val: Prec@1 36.430 Prec@5 90.950
11/15 07:47 many acc 22.93, med acc 90.45, few acc 0.00
Best Prec@1: 38.740

Epoch: [23/200][0/194], Time 0.119 (0.119), Loss 0.7039 (0.7039)
11/15 07:47 EPOCH: 23 Train: Time 0.041 (0.044), Loss 1.6200 (1.0666)
Test: [0/157], Time 0.108 (0.108), Prec@1 0.000 (0.000), Prec@5 90.625 (90.625)
11/15 07:47 EPOCH: 23 Val: Prec@1 35.500 Prec@5 88.380
11/15 07:47 many acc 21.94, med acc 89.75, few acc 0.00
Best Prec@1: 38.740

Epoch: [24/200][0/194], Time 0.129 (0.129), Loss 1.5317 (1.5317)
11/15 07:47 EPOCH: 24 Train: Time 0.041 (0.044), Loss 1.0999 (1.0855)
Test: [0/157], Time 0.099 (0.099), Prec@1 0.000 (0.000), Prec@5 85.938 (85.938)
11/15 07:47 EPOCH: 24 Val: Prec@1 32.760 Prec@5 87.820
11/15 07:47 many acc 18.95, med acc 88.00, few acc 0.00
Best Prec@1: 38.740

Epoch: [25/200][0/194], Time 0.132 (0.132), Loss 0.9659 (0.9659)
11/15 07:47 EPOCH: 25 Train: Time 0.041 (0.044), Loss 1.0805 (1.0730)
Test: [0/157], Time 0.105 (0.105), Prec@1 0.000 (0.000), Prec@5 85.938 (85.938)
11/15 07:47 EPOCH: 25 Val: Prec@1 26.430 Prec@5 85.880
11/15 07:47 many acc 12.69, med acc 81.40, few acc 0.00
Best Prec@1: 38.740

Epoch: [26/200][0/194], Time 0.128 (0.128), Loss 1.3728 (1.3728)
11/15 07:48 EPOCH: 26 Train: Time 0.041 (0.044), Loss 1.7253 (1.0980)
Test: [0/157], Time 0.114 (0.114), Prec@1 0.000 (0.000), Prec@5 82.812 (82.812)
11/15 07:48 EPOCH: 26 Val: Prec@1 39.670 Prec@5 89.960
11/15 07:48 many acc 27.54, med acc 88.20, few acc 0.00
Best Prec@1: 39.670

Epoch: [27/200][0/194], Time 0.116 (0.116), Loss 1.0416 (1.0416)
11/15 07:48 EPOCH: 27 Train: Time 0.041 (0.044), Loss 1.2704 (1.0867)
Test: [0/157], Time 0.105 (0.105), Prec@1 0.000 (0.000), Prec@5 78.125 (78.125)
11/15 07:48 EPOCH: 27 Val: Prec@1 39.210 Prec@5 88.640
11/15 07:48 many acc 27.69, med acc 85.30, few acc 0.00
Best Prec@1: 39.670

Epoch: [28/200][0/194], Time 0.127 (0.127), Loss 0.8381 (0.8381)
11/15 07:48 EPOCH: 28 Train: Time 0.041 (0.044), Loss 1.4343 (1.0009)
Test: [0/157], Time 0.112 (0.112), Prec@1 1.562 (1.562), Prec@5 90.625 (90.625)
11/15 07:48 EPOCH: 28 Val: Prec@1 28.560 Prec@5 89.790
11/15 07:48 many acc 13.86, med acc 87.35, few acc 0.00
Best Prec@1: 39.670

Epoch: [29/200][0/194], Time 0.129 (0.129), Loss 1.1645 (1.1645)
11/15 07:48 EPOCH: 29 Train: Time 0.041 (0.044), Loss 1.3408 (1.0126)
Test: [0/157], Time 0.109 (0.109), Prec@1 0.000 (0.000), Prec@5 82.812 (82.812)
11/15 07:48 EPOCH: 29 Val: Prec@1 37.700 Prec@5 88.920
11/15 07:48 many acc 26.44, med acc 82.75, few acc 0.00
Best Prec@1: 39.670

Epoch: [30/200][0/194], Time 0.133 (0.133), Loss 1.1117 (1.1117)
11/15 07:48 EPOCH: 30 Train: Time 0.041 (0.044), Loss 0.7981 (1.0241)
Test: [0/157], Time 0.108 (0.108), Prec@1 0.000 (0.000), Prec@5 89.062 (89.062)
11/15 07:48 EPOCH: 30 Val: Prec@1 43.380 Prec@5 92.610
11/15 07:48 many acc 33.11, med acc 84.45, few acc 0.00
Best Prec@1: 43.380

Epoch: [31/200][0/194], Time 0.125 (0.125), Loss 0.8602 (0.8602)
11/15 07:49 EPOCH: 31 Train: Time 0.041 (0.044), Loss 1.1646 (0.9865)
Saved cosine similarity heatmap to: /scratch/hy2611/GLMC/VS_plot/cosine_similarity_heatmap_epoch_30.png
Saved Wi and Hi cosine similarity plot to: /scratch/hy2611/GLMC/VS_plot/Wi_Hi_cosine_similarity_epoch_30.png
11/15 07:49 Loss:48.204, Acc:0.06, NC1:14.709,
Wnorm:[1.425,1.733,1.433,1.307,1.541,1.646,1.694,1.756,1.957,1.840]
Hnorm:[3.720,4.078,2.575,2.263,3.327,4.453,5.319,7.608,6.621,7.070]
Wcos:[-0.043,-0.091,-0.000,-0.011,-0.023,-0.026,-0.048,-0.087,-0.179,-0.254]
Test: [0/157], Time 0.106 (0.106), Prec@1 0.000 (0.000), Prec@5 84.375 (84.375)
11/15 07:49 EPOCH: 31 Val: Prec@1 36.960 Prec@5 90.240
11/15 07:49 many acc 24.78, med acc 85.70, few acc 0.00
Best Prec@1: 43.380

Epoch: [32/200][0/194], Time 0.134 (0.134), Loss 1.3301 (1.3301)
11/15 07:49 EPOCH: 32 Train: Time 0.041 (0.044), Loss 1.4163 (0.9659)
Test: [0/157], Time 0.106 (0.106), Prec@1 0.000 (0.000), Prec@5 90.625 (90.625)
11/15 07:49 EPOCH: 32 Val: Prec@1 34.250 Prec@5 87.980
11/15 07:49 many acc 19.78, med acc 92.15, few acc 0.00
Best Prec@1: 43.380

Epoch: [33/200][0/194], Time 0.136 (0.136), Loss 1.7687 (1.7687)
11/15 07:49 EPOCH: 33 Train: Time 0.041 (0.044), Loss 1.1800 (0.9565)
Test: [0/157], Time 0.104 (0.104), Prec@1 0.000 (0.000), Prec@5 92.188 (92.188)
11/15 07:49 EPOCH: 33 Val: Prec@1 36.200 Prec@5 87.820
11/15 07:49 many acc 23.44, med acc 87.25, few acc 0.00
Best Prec@1: 43.380

Epoch: [34/200][0/194], Time 0.134 (0.134), Loss 0.6384 (0.6384)
11/15 07:49 EPOCH: 34 Train: Time 0.041 (0.044), Loss 1.1408 (0.9739)
Test: [0/157], Time 0.106 (0.106), Prec@1 0.000 (0.000), Prec@5 82.812 (82.812)
11/15 07:49 EPOCH: 34 Val: Prec@1 41.730 Prec@5 92.820
11/15 07:49 many acc 32.10, med acc 80.25, few acc 0.00
Best Prec@1: 43.380

Epoch: [35/200][0/194], Time 0.124 (0.124), Loss 0.8875 (0.8875)
11/15 07:50 EPOCH: 35 Train: Time 0.041 (0.044), Loss 0.7001 (0.9699)
Test: [0/157], Time 0.101 (0.101), Prec@1 17.188 (17.188), Prec@5 85.938 (85.938)
11/15 07:50 EPOCH: 35 Val: Prec@1 27.310 Prec@5 87.970
11/15 07:50 many acc 20.81, med acc 53.30, few acc 0.00
Best Prec@1: 43.380

Epoch: [36/200][0/194], Time 0.139 (0.139), Loss 1.3740 (1.3740)
11/15 07:50 EPOCH: 36 Train: Time 0.041 (0.044), Loss 0.7338 (0.8964)
Test: [0/157], Time 0.103 (0.103), Prec@1 0.000 (0.000), Prec@5 93.750 (93.750)
11/15 07:50 EPOCH: 36 Val: Prec@1 47.140 Prec@5 94.460
11/15 07:50 many acc 36.24, med acc 90.75, few acc 0.00
Best Prec@1: 47.140

Epoch: [37/200][0/194], Time 0.129 (0.129), Loss 0.4800 (0.4800)
11/15 07:50 EPOCH: 37 Train: Time 0.041 (0.044), Loss 0.6378 (1.0359)
Test: [0/157], Time 0.097 (0.097), Prec@1 0.000 (0.000), Prec@5 79.688 (79.688)
11/15 07:50 EPOCH: 37 Val: Prec@1 43.940 Prec@5 90.880
11/15 07:50 many acc 35.92, med acc 76.00, few acc 0.00
Best Prec@1: 47.140

Epoch: [38/200][0/194], Time 0.134 (0.134), Loss 1.2554 (1.2554)
11/15 07:50 EPOCH: 38 Train: Time 0.041 (0.044), Loss 0.7253 (0.8529)
Test: [0/157], Time 0.115 (0.115), Prec@1 3.125 (3.125), Prec@5 90.625 (90.625)
11/15 07:50 EPOCH: 38 Val: Prec@1 49.630 Prec@5 94.480
11/15 07:50 many acc 39.44, med acc 90.40, few acc 0.00
Best Prec@1: 49.630

Epoch: [39/200][0/194], Time 0.129 (0.129), Loss 0.5600 (0.5600)
11/15 07:50 EPOCH: 39 Train: Time 0.041 (0.044), Loss 1.1891 (0.9042)
Test: [0/157], Time 0.097 (0.097), Prec@1 0.000 (0.000), Prec@5 87.500 (87.500)
11/15 07:51 EPOCH: 39 Val: Prec@1 38.940 Prec@5 90.960
11/15 07:51 many acc 32.59, med acc 64.35, few acc 0.00
Best Prec@1: 49.630

Epoch: [40/200][0/194], Time 0.135 (0.135), Loss 0.9844 (0.9844)
11/15 07:51 EPOCH: 40 Train: Time 0.041 (0.044), Loss 1.1937 (0.9509)
Test: [0/157], Time 0.118 (0.118), Prec@1 0.000 (0.000), Prec@5 84.375 (84.375)
11/15 07:51 EPOCH: 40 Val: Prec@1 32.700 Prec@5 86.510
11/15 07:51 many acc 26.25, med acc 58.50, few acc 0.00
Best Prec@1: 49.630

Epoch: [41/200][0/194], Time 0.128 (0.128), Loss 1.3165 (1.3165)
11/15 07:51 EPOCH: 41 Train: Time 0.041 (0.044), Loss 0.7355 (0.9804)
Saved cosine similarity heatmap to: /scratch/hy2611/GLMC/VS_plot/cosine_similarity_heatmap_epoch_40.png
Saved Wi and Hi cosine similarity plot to: /scratch/hy2611/GLMC/VS_plot/Wi_Hi_cosine_similarity_epoch_40.png
11/15 07:51 Loss:33.094, Acc:0.13, NC1:10.619,
Wnorm:[1.469,1.785,1.490,1.363,1.582,1.646,1.693,1.733,1.942,1.847]
Hnorm:[3.156,3.804,2.667,2.006,3.423,3.105,7.755,6.196,6.037,7.533]
Wcos:[-0.041,-0.094,-0.006,-0.014,-0.031,-0.030,-0.059,-0.072,-0.185,-0.250]
Test: [0/157], Time 0.109 (0.109), Prec@1 3.125 (3.125), Prec@5 90.625 (90.625)
11/15 07:51 EPOCH: 41 Val: Prec@1 45.520 Prec@5 90.080
11/15 07:51 many acc 35.59, med acc 85.25, few acc 0.00
Best Prec@1: 49.630

Epoch: [42/200][0/194], Time 0.129 (0.129), Loss 1.0439 (1.0439)
11/15 07:51 EPOCH: 42 Train: Time 0.041 (0.044), Loss 1.0324 (0.8512)
Test: [0/157], Time 0.117 (0.117), Prec@1 7.812 (7.812), Prec@5 93.750 (93.750)
11/15 07:51 EPOCH: 42 Val: Prec@1 44.730 Prec@5 92.790
11/15 07:51 many acc 33.34, med acc 90.30, few acc 0.00
Best Prec@1: 49.630

Epoch: [43/200][0/194], Time 0.136 (0.136), Loss 0.9569 (0.9569)
11/15 07:51 EPOCH: 43 Train: Time 0.041 (0.044), Loss 1.0454 (0.9367)
Test: [0/157], Time 0.102 (0.102), Prec@1 3.125 (3.125), Prec@5 89.062 (89.062)
11/15 07:52 EPOCH: 43 Val: Prec@1 39.800 Prec@5 92.940
11/15 07:52 many acc 29.31, med acc 81.75, few acc 0.00
Best Prec@1: 49.630

Epoch: [44/200][0/194], Time 0.129 (0.129), Loss 1.1814 (1.1814)
11/15 07:52 EPOCH: 44 Train: Time 0.041 (0.044), Loss 0.5129 (0.8683)
Test: [0/157], Time 0.108 (0.108), Prec@1 0.000 (0.000), Prec@5 90.625 (90.625)
11/15 07:52 EPOCH: 44 Val: Prec@1 50.480 Prec@5 93.500
11/15 07:52 many acc 40.61, med acc 89.95, few acc 0.00
Best Prec@1: 50.480

Epoch: [45/200][0/194], Time 0.127 (0.127), Loss 1.0454 (1.0454)
11/15 07:52 EPOCH: 45 Train: Time 0.041 (0.044), Loss 0.6587 (0.8470)
Test: [0/157], Time 0.106 (0.106), Prec@1 1.562 (1.562), Prec@5 75.000 (75.000)
11/15 07:52 EPOCH: 45 Val: Prec@1 41.480 Prec@5 89.730
11/15 07:52 many acc 31.66, med acc 80.75, few acc 0.00
Best Prec@1: 50.480

Epoch: [46/200][0/194], Time 0.143 (0.143), Loss 1.0403 (1.0403)
11/15 07:52 EPOCH: 46 Train: Time 0.041 (0.044), Loss 1.5888 (0.7963)
Test: [0/157], Time 0.107 (0.107), Prec@1 9.375 (9.375), Prec@5 93.750 (93.750)
11/15 07:52 EPOCH: 46 Val: Prec@1 48.880 Prec@5 94.290
11/15 07:52 many acc 38.46, med acc 90.55, few acc 0.00
Best Prec@1: 50.480

Epoch: [47/200][0/194], Time 0.152 (0.152), Loss 0.4989 (0.4989)
11/15 07:52 EPOCH: 47 Train: Time 0.041 (0.044), Loss 0.6210 (0.9156)
Test: [0/157], Time 0.102 (0.102), Prec@1 0.000 (0.000), Prec@5 82.812 (82.812)
11/15 07:52 EPOCH: 47 Val: Prec@1 36.520 Prec@5 90.790
11/15 07:52 many acc 29.78, med acc 63.50, few acc 0.00
Best Prec@1: 50.480

Epoch: [48/200][0/194], Time 0.143 (0.143), Loss 0.8376 (0.8376)
11/15 07:52 EPOCH: 48 Train: Time 0.041 (0.044), Loss 0.6834 (0.8434)
Test: [0/157], Time 0.118 (0.118), Prec@1 7.812 (7.812), Prec@5 85.938 (85.938)
11/15 07:53 EPOCH: 48 Val: Prec@1 46.330 Prec@5 94.200
11/15 07:53 many acc 35.89, med acc 88.10, few acc 0.00
Best Prec@1: 50.480

Epoch: [49/200][0/194], Time 0.136 (0.136), Loss 0.9639 (0.9639)
11/15 07:53 EPOCH: 49 Train: Time 0.041 (0.044), Loss 1.0483 (0.8755)
Test: [0/157], Time 0.104 (0.104), Prec@1 12.500 (12.500), Prec@5 93.750 (93.750)
11/15 07:53 EPOCH: 49 Val: Prec@1 45.360 Prec@5 92.750
11/15 07:53 many acc 35.12, med acc 86.30, few acc 0.00
Best Prec@1: 50.480

Epoch: [50/200][0/194], Time 0.126 (0.126), Loss 1.0839 (1.0839)
11/15 07:53 EPOCH: 50 Train: Time 0.041 (0.044), Loss 0.6830 (0.8368)
Test: [0/157], Time 0.101 (0.101), Prec@1 0.000 (0.000), Prec@5 60.938 (60.938)
11/15 07:53 EPOCH: 50 Val: Prec@1 42.530 Prec@5 83.790
11/15 07:53 many acc 39.21, med acc 55.80, few acc 0.00
Best Prec@1: 50.480

Epoch: [51/200][0/194], Time 0.128 (0.128), Loss 0.6976 (0.6976)
11/15 07:53 EPOCH: 51 Train: Time 0.041 (0.044), Loss 0.6752 (0.9155)
Saved cosine similarity heatmap to: /scratch/hy2611/GLMC/VS_plot/cosine_similarity_heatmap_epoch_50.png
Saved Wi and Hi cosine similarity plot to: /scratch/hy2611/GLMC/VS_plot/Wi_Hi_cosine_similarity_epoch_50.png
11/15 07:53 Loss:35.870, Acc:0.19, NC1:9.172,
Wnorm:[1.468,1.769,1.518,1.375,1.585,1.640,1.681,1.735,1.926,1.764]
Hnorm:[3.876,4.556,3.191,4.518,4.033,7.204,6.499,7.589,9.959,6.719]
Wcos:[-0.050,-0.105,-0.006,-0.023,-0.030,-0.041,-0.062,-0.090,-0.183,-0.230]
Test: [0/157], Time 0.102 (0.102), Prec@1 0.000 (0.000), Prec@5 79.688 (79.688)
11/15 07:53 EPOCH: 51 Val: Prec@1 49.790 Prec@5 92.030
11/15 07:53 many acc 41.19, med acc 84.20, few acc 0.00
Best Prec@1: 50.480

Epoch: [52/200][0/194], Time 0.134 (0.134), Loss 1.5964 (1.5964)
11/15 07:53 EPOCH: 52 Train: Time 0.041 (0.044), Loss 1.9217 (0.8139)
Test: [0/157], Time 0.118 (0.118), Prec@1 4.688 (4.688), Prec@5 76.562 (76.562)
11/15 07:54 EPOCH: 52 Val: Prec@1 50.230 Prec@5 92.050
11/15 07:54 many acc 42.45, med acc 81.35, few acc 0.00
Best Prec@1: 50.480

Epoch: [53/200][0/194], Time 0.130 (0.130), Loss 1.0928 (1.0928)
11/15 07:54 EPOCH: 53 Train: Time 0.041 (0.044), Loss 0.7069 (0.8579)
Test: [0/157], Time 0.116 (0.116), Prec@1 10.938 (10.938), Prec@5 87.500 (87.500)
11/15 07:54 EPOCH: 53 Val: Prec@1 47.430 Prec@5 94.280
11/15 07:54 many acc 42.65, med acc 66.55, few acc 0.00
Best Prec@1: 50.480

Epoch: [54/200][0/194], Time 0.132 (0.132), Loss 1.1313 (1.1313)
11/15 07:54 EPOCH: 54 Train: Time 0.041 (0.044), Loss 0.7789 (0.7733)
Test: [0/157], Time 0.110 (0.110), Prec@1 6.250 (6.250), Prec@5 78.125 (78.125)
11/15 07:54 EPOCH: 54 Val: Prec@1 36.400 Prec@5 91.010
11/15 07:54 many acc 25.38, med acc 80.50, few acc 0.00
Best Prec@1: 50.480

Epoch: [55/200][0/194], Time 0.129 (0.129), Loss 0.7335 (0.7335)
11/15 07:54 EPOCH: 55 Train: Time 0.041 (0.044), Loss 1.2724 (0.8520)
Test: [0/157], Time 0.101 (0.101), Prec@1 0.000 (0.000), Prec@5 90.625 (90.625)
11/15 07:54 EPOCH: 55 Val: Prec@1 37.540 Prec@5 90.960
11/15 07:54 many acc 23.89, med acc 92.15, few acc 0.00
Best Prec@1: 50.480

Epoch: [56/200][0/194], Time 0.132 (0.132), Loss 0.6900 (0.6900)
11/15 07:54 EPOCH: 56 Train: Time 0.041 (0.044), Loss 1.0111 (0.8081)
Test: [0/157], Time 0.105 (0.105), Prec@1 18.750 (18.750), Prec@5 92.188 (92.188)
11/15 07:54 EPOCH: 56 Val: Prec@1 42.970 Prec@5 90.640
11/15 07:54 many acc 32.21, med acc 86.00, few acc 0.00
Best Prec@1: 50.480

Epoch: [57/200][0/194], Time 0.141 (0.141), Loss 0.7260 (0.7260)
11/15 07:54 EPOCH: 57 Train: Time 0.041 (0.044), Loss 0.7339 (0.8561)
Test: [0/157], Time 0.113 (0.113), Prec@1 4.688 (4.688), Prec@5 90.625 (90.625)
11/15 07:55 EPOCH: 57 Val: Prec@1 46.860 Prec@5 94.630
11/15 07:55 many acc 35.49, med acc 92.35, few acc 0.00
Best Prec@1: 50.480

Epoch: [58/200][0/194], Time 0.137 (0.137), Loss 0.7444 (0.7444)
11/15 07:55 EPOCH: 58 Train: Time 0.041 (0.044), Loss 0.8198 (0.7166)
Test: [0/157], Time 0.107 (0.107), Prec@1 6.250 (6.250), Prec@5 87.500 (87.500)
11/15 07:55 EPOCH: 58 Val: Prec@1 52.150 Prec@5 94.970
11/15 07:55 many acc 42.90, med acc 89.15, few acc 0.00
Best Prec@1: 52.150

Epoch: [59/200][0/194], Time 0.127 (0.127), Loss 0.5156 (0.5156)
11/15 07:55 EPOCH: 59 Train: Time 0.041 (0.044), Loss 0.8293 (0.7614)
Test: [0/157], Time 0.106 (0.106), Prec@1 1.562 (1.562), Prec@5 89.062 (89.062)
11/15 07:55 EPOCH: 59 Val: Prec@1 46.450 Prec@5 91.960
11/15 07:55 many acc 38.08, med acc 79.95, few acc 0.00
Best Prec@1: 52.150

Epoch: [60/200][0/194], Time 0.128 (0.128), Loss 0.8810 (0.8810)
11/15 07:55 EPOCH: 60 Train: Time 0.041 (0.044), Loss 0.9587 (0.6894)
Test: [0/157], Time 0.105 (0.105), Prec@1 4.688 (4.688), Prec@5 89.062 (89.062)
11/15 07:55 EPOCH: 60 Val: Prec@1 51.670 Prec@5 94.340
11/15 07:55 many acc 43.16, med acc 85.70, few acc 0.00
Best Prec@1: 52.150

Epoch: [61/200][0/194], Time 0.129 (0.129), Loss 1.1614 (1.1614)
11/15 07:55 EPOCH: 61 Train: Time 0.041 (0.044), Loss 0.8199 (0.7332)
Saved cosine similarity heatmap to: /scratch/hy2611/GLMC/VS_plot/cosine_similarity_heatmap_epoch_60.png
Saved Wi and Hi cosine similarity plot to: /scratch/hy2611/GLMC/VS_plot/Wi_Hi_cosine_similarity_epoch_60.png
11/15 07:55 Loss:24.370, Acc:0.27, NC1:6.271,
Wnorm:[1.500,1.791,1.528,1.395,1.615,1.657,1.714,1.745,1.843,1.778]
Hnorm:[3.949,4.489,3.608,3.744,5.064,5.029,5.723,6.955,7.134,12.180]
Wcos:[-0.043,-0.098,-0.009,-0.024,-0.038,-0.038,-0.070,-0.096,-0.173,-0.235]
Test: [0/157], Time 0.111 (0.111), Prec@1 9.375 (9.375), Prec@5 89.062 (89.062)
11/15 07:56 EPOCH: 61 Val: Prec@1 56.810 Prec@5 95.620
11/15 07:56 many acc 49.52, med acc 85.95, few acc 0.00
Best Prec@1: 56.810

Epoch: [62/200][0/194], Time 0.164 (0.164), Loss 0.7580 (0.7580)
11/15 07:56 EPOCH: 62 Train: Time 0.041 (0.044), Loss 0.7090 (0.7687)
Test: [0/157], Time 0.112 (0.112), Prec@1 10.938 (10.938), Prec@5 93.750 (93.750)
11/15 07:56 EPOCH: 62 Val: Prec@1 38.720 Prec@5 90.600
11/15 07:56 many acc 27.49, med acc 83.65, few acc 0.00
Best Prec@1: 56.810

Epoch: [63/200][0/194], Time 0.129 (0.129), Loss 0.5929 (0.5929)
11/15 07:56 EPOCH: 63 Train: Time 0.041 (0.044), Loss 0.6841 (0.8266)
Test: [0/157], Time 0.114 (0.114), Prec@1 9.375 (9.375), Prec@5 89.062 (89.062)
11/15 07:56 EPOCH: 63 Val: Prec@1 44.970 Prec@5 94.080
11/15 07:56 many acc 35.26, med acc 83.80, few acc 0.00
Best Prec@1: 56.810

Epoch: [64/200][0/194], Time 0.113 (0.113), Loss 0.9865 (0.9865)
11/15 07:56 EPOCH: 64 Train: Time 0.041 (0.044), Loss 0.7123 (0.7823)
Test: [0/157], Time 0.105 (0.105), Prec@1 3.125 (3.125), Prec@5 89.062 (89.062)
11/15 07:56 EPOCH: 64 Val: Prec@1 44.520 Prec@5 92.980
11/15 07:56 many acc 34.77, med acc 83.50, few acc 0.00
Best Prec@1: 56.810

Epoch: [65/200][0/194], Time 0.127 (0.127), Loss 1.1991 (1.1991)
11/15 07:56 EPOCH: 65 Train: Time 0.041 (0.044), Loss 0.8232 (0.7657)
Test: [0/157], Time 0.120 (0.120), Prec@1 7.812 (7.812), Prec@5 92.188 (92.188)
11/15 07:56 EPOCH: 65 Val: Prec@1 44.200 Prec@5 91.180
11/15 07:56 many acc 33.00, med acc 89.00, few acc 0.00
Best Prec@1: 56.810

Epoch: [66/200][0/194], Time 0.133 (0.133), Loss 0.9430 (0.9430)
11/15 07:57 EPOCH: 66 Train: Time 0.041 (0.044), Loss 1.2678 (0.7293)
Test: [0/157], Time 0.102 (0.102), Prec@1 1.562 (1.562), Prec@5 81.250 (81.250)
11/15 07:57 EPOCH: 66 Val: Prec@1 38.420 Prec@5 89.150
11/15 07:57 many acc 27.64, med acc 81.55, few acc 0.00
Best Prec@1: 56.810

Epoch: [67/200][0/194], Time 0.127 (0.127), Loss 1.0257 (1.0257)
11/15 07:57 EPOCH: 67 Train: Time 0.041 (0.044), Loss 1.3557 (0.7923)
Test: [0/157], Time 0.110 (0.110), Prec@1 4.688 (4.688), Prec@5 78.125 (78.125)
11/15 07:57 EPOCH: 67 Val: Prec@1 23.740 Prec@5 84.140
11/15 07:57 many acc 12.15, med acc 70.10, few acc 0.00
Best Prec@1: 56.810

Epoch: [68/200][0/194], Time 0.120 (0.120), Loss 1.1487 (1.1487)
11/15 07:57 EPOCH: 68 Train: Time 0.041 (0.044), Loss 0.5995 (0.8261)
Test: [0/157], Time 0.110 (0.110), Prec@1 6.250 (6.250), Prec@5 93.750 (93.750)
11/15 07:57 EPOCH: 68 Val: Prec@1 48.840 Prec@5 93.420
11/15 07:57 many acc 37.59, med acc 93.85, few acc 0.00
Best Prec@1: 56.810

Epoch: [69/200][0/194], Time 0.130 (0.130), Loss 0.7654 (0.7654)
11/15 07:57 EPOCH: 69 Train: Time 0.041 (0.044), Loss 0.6606 (0.6885)
Test: [0/157], Time 0.104 (0.104), Prec@1 9.375 (9.375), Prec@5 92.188 (92.188)
11/15 07:57 EPOCH: 69 Val: Prec@1 52.590 Prec@5 94.670
11/15 07:57 many acc 43.54, med acc 88.80, few acc 0.00
Best Prec@1: 56.810

Epoch: [70/200][0/194], Time 0.129 (0.129), Loss 0.5160 (0.5160)
11/15 07:57 EPOCH: 70 Train: Time 0.041 (0.044), Loss 0.4799 (0.7397)
Test: [0/157], Time 0.117 (0.117), Prec@1 3.125 (3.125), Prec@5 95.312 (95.312)
11/15 07:57 EPOCH: 70 Val: Prec@1 40.440 Prec@5 89.250
11/15 07:57 many acc 32.76, med acc 71.15, few acc 0.00
Best Prec@1: 56.810

Epoch: [71/200][0/194], Time 0.127 (0.127), Loss 0.8066 (0.8066)
11/15 07:58 EPOCH: 71 Train: Time 0.041 (0.044), Loss 0.3816 (0.6534)
Saved cosine similarity heatmap to: /scratch/hy2611/GLMC/VS_plot/cosine_similarity_heatmap_epoch_70.png
Saved Wi and Hi cosine similarity plot to: /scratch/hy2611/GLMC/VS_plot/Wi_Hi_cosine_similarity_epoch_70.png
11/15 07:58 Loss:27.927, Acc:0.25, NC1:6.446,
Wnorm:[1.492,1.747,1.538,1.417,1.627,1.659,1.732,1.734,1.876,1.719]
Hnorm:[3.180,4.310,3.736,4.103,4.562,5.680,7.672,7.219,9.204,12.469]
Wcos:[-0.045,-0.094,-0.011,-0.026,-0.044,-0.045,-0.074,-0.099,-0.179,-0.222]
Test: [0/157], Time 0.112 (0.112), Prec@1 9.375 (9.375), Prec@5 84.375 (84.375)
11/15 07:58 EPOCH: 71 Val: Prec@1 54.800 Prec@5 94.890
11/15 07:58 many acc 46.42, med acc 88.30, few acc 0.00
